This file contains any messages produced by compilers while
running configure, to aid debugging if configure makes a mistake.

It was created by xblas configure 1.0, which was
generated by GNU Autoconf 2.68.  Invocation command line was

  $ ./configure --prefix=/home/tim/amber12/lib

## --------- ##
## Platform. ##
## --------- ##

hostname = ctb3
uname -m = x86_64
uname -r = 2.6.32-5-amd64
uname -s = Linux
uname -v = #1 SMP Sun Sep 23 10:07:46 UTC 2012

/usr/bin/uname -p = unknown
/bin/uname -X     = unknown

/bin/arch              = unknown
/usr/bin/arch -k       = unknown
/usr/convex/getsysinfo = unknown
/usr/bin/hostinfo      = unknown
/bin/machine           = unknown
/usr/bin/oslevel       = unknown
/bin/universe          = unknown

PATH: /usr/local/bin
PATH: /usr/bin
PATH: /bin
PATH: /usr/local/games
PATH: /usr/games


## ----------- ##
## Core tests. ##
## ----------- ##

configure:2129: checking build system type
configure:2143: result: x86_64-unknown-linux-gnu
configure:2163: checking host system type
configure:2176: result: x86_64-unknown-linux-gnu
configure:2196: checking target system type
configure:2209: result: x86_64-unknown-linux-gnu
configure:2284: checking for gcc
configure:2311: result: gcc
configure:2540: checking for C compiler version
configure:2549: gcc --version >&5
gcc (Debian 4.4.5-8) 4.4.5
Copyright (C) 2010 Free Software Foundation, Inc.
This is free software; see the source for copying conditions.  There is NO
warranty; not even for MERCHANTABILITY or FITNESS FOR A PARTICULAR PURPOSE.

configure:2560: $? = 0
configure:2549: gcc -v >&5
Using built-in specs.
Target: x86_64-linux-gnu
Configured with: ../src/configure -v --with-pkgversion='Debian 4.4.5-8' --with-bugurl=file:///usr/share/doc/gcc-4.4/README.Bugs --enable-languages=c,c++,fortran,objc,obj-c++ --prefix=/usr --program-suffix=-4.4 --enable-shared --enable-multiarch --enable-linker-build-id --with-system-zlib --libexecdir=/usr/lib --without-included-gettext --enable-threads=posix --with-gxx-include-dir=/usr/include/c++/4.4 --libdir=/usr/lib --enable-nls --enable-clocale=gnu --enable-libstdcxx-debug --enable-objc-gc --with-arch-32=i586 --with-tune=generic --enable-checking=release --build=x86_64-linux-gnu --host=x86_64-linux-gnu --target=x86_64-linux-gnu
Thread model: posix
gcc version 4.4.5 (Debian 4.4.5-8) 
configure:2560: $? = 0
configure:2549: gcc -V >&5
gcc: '-V' option must have argument
configure:2560: $? = 1
configure:2549: gcc -qversion >&5
gcc: unrecognized option '-qversion'
gcc: no input files
configure:2560: $? = 1
configure:2580: checking whether the C compiler works
configure:2602: gcc  -D_FILE_OFFSET_BITS=64 -D_LARGEFILE_SOURCE -DBINTRAJ -O3 -mtune=native -DBINTRAJ   conftest.c  >&5
configure:2606: $? = 0
configure:2654: result: yes
configure:2657: checking for C compiler default output file name
configure:2659: result: a.out
configure:2665: checking for suffix of executables
configure:2672: gcc -o conftest  -D_FILE_OFFSET_BITS=64 -D_LARGEFILE_SOURCE -DBINTRAJ -O3 -mtune=native -DBINTRAJ   conftest.c  >&5
configure:2676: $? = 0
configure:2698: result: 
configure:2720: checking whether we are cross compiling
configure:2728: gcc -o conftest  -D_FILE_OFFSET_BITS=64 -D_LARGEFILE_SOURCE -DBINTRAJ -O3 -mtune=native -DBINTRAJ   conftest.c  >&5
configure:2732: $? = 0
configure:2739: ./conftest
configure:2743: $? = 0
configure:2758: result: no
configure:2763: checking for suffix of object files
configure:2785: gcc -c  -D_FILE_OFFSET_BITS=64 -D_LARGEFILE_SOURCE -DBINTRAJ -O3 -mtune=native -DBINTRAJ  conftest.c >&5
configure:2789: $? = 0
configure:2810: result: o
configure:2814: checking whether we are using the GNU C compiler
configure:2833: gcc -c  -D_FILE_OFFSET_BITS=64 -D_LARGEFILE_SOURCE -DBINTRAJ -O3 -mtune=native -DBINTRAJ  conftest.c >&5
configure:2833: $? = 0
configure:2842: result: yes
configure:2851: checking whether gcc accepts -g
configure:2871: gcc -c -g  conftest.c >&5
configure:2871: $? = 0
configure:2912: result: yes
configure:2929: checking for gcc option to accept ISO C89
configure:2993: gcc  -c  -D_FILE_OFFSET_BITS=64 -D_LARGEFILE_SOURCE -DBINTRAJ -O3 -mtune=native -DBINTRAJ  conftest.c >&5
configure:2993: $? = 0
configure:3006: result: none needed
configure:3125: checking for ranlib
configure:3141: found /usr/bin/ranlib
configure:3152: result: ranlib
configure:3291: checking for Fortran compiler version
configure:3300: gfortran --version >&5
GNU Fortran (Debian 4.4.5-8) 4.4.5
Copyright (C) 2010 Free Software Foundation, Inc.

GNU Fortran comes with NO WARRANTY, to the extent permitted by law.
You may redistribute copies of GNU Fortran
under the terms of the GNU General Public License.
For more information about these matters, see the file named COPYING

configure:3311: $? = 0
configure:3300: gfortran -v >&5
Using built-in specs.
Target: x86_64-linux-gnu
Configured with: ../src/configure -v --with-pkgversion='Debian 4.4.5-8' --with-bugurl=file:///usr/share/doc/gcc-4.4/README.Bugs --enable-languages=c,c++,fortran,objc,obj-c++ --prefix=/usr --program-suffix=-4.4 --enable-shared --enable-multiarch --enable-linker-build-id --with-system-zlib --libexecdir=/usr/lib --without-included-gettext --enable-threads=posix --with-gxx-include-dir=/usr/include/c++/4.4 --libdir=/usr/lib --enable-nls --enable-clocale=gnu --enable-libstdcxx-debug --enable-objc-gc --with-arch-32=i586 --with-tune=generic --enable-checking=release --build=x86_64-linux-gnu --host=x86_64-linux-gnu --target=x86_64-linux-gnu
Thread model: posix
gcc version 4.4.5 (Debian 4.4.5-8) 
configure:3311: $? = 0
configure:3300: gfortran -V >&5
gfortran: '-V' option must have argument
configure:3311: $? = 1
configure:3300: gfortran -qversion >&5
gfortran: unrecognized option '-qversion'
gfortran: no input files
configure:3311: $? = 1
configure:3320: checking whether we are using the GNU Fortran compiler
configure:3333: gfortran -c   conftest.F >&5
configure:3333: $? = 0
configure:3342: result: yes
configure:3348: checking whether gfortran accepts -g
configure:3359: gfortran -c -g  conftest.f >&5
configure:3359: $? = 0
configure:3367: result: yes
configure:3401: checking how to get verbose linking output from gfortran
configure:3411: gfortran -c -g -O2  conftest.f >&5
configure:3411: $? = 0
configure:3429: gfortran -o conftest -g -O2 -v conftest.f
Using built-in specs.
Target: x86_64-linux-gnu
Thread model: posix
gcc version 4.4.5 (Debian 4.4.5-8) 
 /usr/lib/gcc/x86_64-linux-gnu/4.4.5/f951 conftest.f -ffixed-form -quiet -dumpbase conftest.f -mtune=generic -auxbase conftest -g -O2 -version -fintrinsic-modules-path /usr/lib/gcc/x86_64-linux-gnu/4.4.5/finclude -o /tmp/ccLW840M.s
GNU Fortran (Debian 4.4.5-8) version 4.4.5 (x86_64-linux-gnu)
	compiled by GNU C version 4.4.5, GMP version 4.3.2, MPFR version 3.0.0-p3.
GGC heuristics: --param ggc-min-expand=100 --param ggc-min-heapsize=131072
 as -V -Qy -o /tmp/ccPa57Xc.o /tmp/ccLW840M.s
GNU assembler version 2.20.1 (x86_64-linux-gnu) using BFD version (GNU Binutils for Debian) 2.20.1-system.20100303
 /usr/lib/gcc/x86_64-linux-gnu/4.4.5/collect2 --build-id --eh-frame-hdr -m elf_x86_64 --hash-style=both -dynamic-linker /lib64/ld-linux-x86-64.so.2 -o conftest /usr/lib/gcc/x86_64-linux-gnu/4.4.5/../../../../lib/crt1.o /usr/lib/gcc/x86_64-linux-gnu/4.4.5/../../../../lib/crti.o /usr/lib/gcc/x86_64-linux-gnu/4.4.5/crtbegin.o -L/usr/lib/gcc/x86_64-linux-gnu/4.4.5 -L/usr/lib/gcc/x86_64-linux-gnu/4.4.5 -L/usr/lib/gcc/x86_64-linux-gnu/4.4.5/../../../../lib -L/lib/../lib -L/usr/lib/../lib -L/usr/lib/gcc/x86_64-linux-gnu/4.4.5/../../.. /tmp/ccPa57Xc.o -lgfortranbegin -lgfortran -lm -lgcc_s -lgcc -lc -lgcc_s -lgcc /usr/lib/gcc/x86_64-linux-gnu/4.4.5/crtend.o /usr/lib/gcc/x86_64-linux-gnu/4.4.5/../../../../lib/crtn.o
configure:3495: result: -v
configure:3497: checking for Fortran libraries of gfortran
configure:3520: gfortran -o conftest -g -O2 -v conftest.f
Using built-in specs.
Target: x86_64-linux-gnu
Thread model: posix
gcc version 4.4.5 (Debian 4.4.5-8) 
 /usr/lib/gcc/x86_64-linux-gnu/4.4.5/f951 conftest.f -ffixed-form -quiet -dumpbase conftest.f -mtune=generic -auxbase conftest -g -O2 -version -fintrinsic-modules-path /usr/lib/gcc/x86_64-linux-gnu/4.4.5/finclude -o /tmp/cctTUh7R.s
GNU Fortran (Debian 4.4.5-8) version 4.4.5 (x86_64-linux-gnu)
	compiled by GNU C version 4.4.5, GMP version 4.3.2, MPFR version 3.0.0-p3.
GGC heuristics: --param ggc-min-expand=100 --param ggc-min-heapsize=131072
 as -V -Qy -o /tmp/ccJmRXei.o /tmp/cctTUh7R.s
GNU assembler version 2.20.1 (x86_64-linux-gnu) using BFD version (GNU Binutils for Debian) 2.20.1-system.20100303
 /usr/lib/gcc/x86_64-linux-gnu/4.4.5/collect2 --build-id --eh-frame-hdr -m elf_x86_64 --hash-style=both -dynamic-linker /lib64/ld-linux-x86-64.so.2 -o conftest /usr/lib/gcc/x86_64-linux-gnu/4.4.5/../../../../lib/crt1.o /usr/lib/gcc/x86_64-linux-gnu/4.4.5/../../../../lib/crti.o /usr/lib/gcc/x86_64-linux-gnu/4.4.5/crtbegin.o -L/usr/lib/gcc/x86_64-linux-gnu/4.4.5 -L/usr/lib/gcc/x86_64-linux-gnu/4.4.5 -L/usr/lib/gcc/x86_64-linux-gnu/4.4.5/../../../../lib -L/lib/../lib -L/usr/lib/../lib -L/usr/lib/gcc/x86_64-linux-gnu/4.4.5/../../.. /tmp/ccJmRXei.o -lgfortranbegin -lgfortran -lm -lgcc_s -lgcc -lc -lgcc_s -lgcc /usr/lib/gcc/x86_64-linux-gnu/4.4.5/crtend.o /usr/lib/gcc/x86_64-linux-gnu/4.4.5/../../../../lib/crtn.o
configure:3695: result:  -L/usr/lib/gcc/x86_64-linux-gnu/4.4.5 -L/usr/lib/gcc/x86_64-linux-gnu/4.4.5/../../../../lib -L/lib/../lib -L/usr/lib/../lib -L/usr/lib/gcc/x86_64-linux-gnu/4.4.5/../../.. -lgfortranbegin -lgfortran -lm
configure:3711: checking for dummy main to link with Fortran libraries
configure:3745: gcc -o conftest  -D_FILE_OFFSET_BITS=64 -D_LARGEFILE_SOURCE -DBINTRAJ -O3 -mtune=native -DBINTRAJ   conftest.c   -L/usr/lib/gcc/x86_64-linux-gnu/4.4.5 -L/usr/lib/gcc/x86_64-linux-gnu/4.4.5/../../../../lib -L/lib/../lib -L/usr/lib/../lib -L/usr/lib/gcc/x86_64-linux-gnu/4.4.5/../../.. -lgfortranbegin -lgfortran -lm >&5
configure:3745: $? = 0
configure:3790: result: none
configure:3823: checking for Fortran name-mangling scheme
configure:3836: gfortran -c -g -O2  conftest.f >&5
configure:3836: $? = 0
configure:3877: gcc -o conftest  -D_FILE_OFFSET_BITS=64 -D_LARGEFILE_SOURCE -DBINTRAJ -O3 -mtune=native -DBINTRAJ   conftest.c cfortran_test.o   -L/usr/lib/gcc/x86_64-linux-gnu/4.4.5 -L/usr/lib/gcc/x86_64-linux-gnu/4.4.5/../../../../lib -L/lib/../lib -L/usr/lib/../lib -L/usr/lib/gcc/x86_64-linux-gnu/4.4.5/../../.. -lgfortranbegin -lgfortran -lm >&5
/tmp/ccBjAPcu.o: In function `main':
conftest.c:(.text+0x7): undefined reference to `foobar'
collect2: ld returned 1 exit status
configure:3877: $? = 1
configure: failed program was:
| /* confdefs.h */
| #define PACKAGE_NAME "xblas"
| #define PACKAGE_TARNAME "xblas"
| #define PACKAGE_VERSION "1.0"
| #define PACKAGE_STRING "xblas 1.0"
| #define PACKAGE_BUGREPORT "extended_blas@cs.berkeley.edu"
| #define PACKAGE_URL ""
| /* end confdefs.h.  */
| 
| /* Override any GCC internal prototype to avoid an error.
|    Use char because int might match the return type of a GCC
|    builtin and then its argument prototype would still apply.  */
| #ifdef __cplusplus
| extern "C"
| #endif
| char foobar ();
| #ifdef FC_DUMMY_MAIN
| #ifndef FC_DUMMY_MAIN_EQ_F77
| #  ifdef __cplusplus
|      extern "C"
| #  endif
|    int FC_DUMMY_MAIN() { return 1; }
| #endif
| #endif
| int
| main ()
| {
| return foobar ();
|   ;
|   return 0;
| }
configure:3877: gcc -o conftest  -D_FILE_OFFSET_BITS=64 -D_LARGEFILE_SOURCE -DBINTRAJ -O3 -mtune=native -DBINTRAJ   conftest.c cfortran_test.o   -L/usr/lib/gcc/x86_64-linux-gnu/4.4.5 -L/usr/lib/gcc/x86_64-linux-gnu/4.4.5/../../../../lib -L/lib/../lib -L/usr/lib/../lib -L/usr/lib/gcc/x86_64-linux-gnu/4.4.5/../../.. -lgfortranbegin -lgfortran -lm >&5
configure:3877: $? = 0
configure:3935: gcc -o conftest  -D_FILE_OFFSET_BITS=64 -D_LARGEFILE_SOURCE -DBINTRAJ -O3 -mtune=native -DBINTRAJ   conftest.c cfortran_test.o   -L/usr/lib/gcc/x86_64-linux-gnu/4.4.5 -L/usr/lib/gcc/x86_64-linux-gnu/4.4.5/../../../../lib -L/lib/../lib -L/usr/lib/../lib -L/usr/lib/gcc/x86_64-linux-gnu/4.4.5/../../.. -lgfortranbegin -lgfortran -lm >&5
configure:3935: $? = 0
configure:3977: result: lower case, underscore, no extra underscore
configure:4053: checking how to run the C preprocessor
configure:4084: gcc -E  conftest.c
configure:4084: $? = 0
configure:4098: gcc -E  conftest.c
conftest.c:9:28: error: ac_nonexistent.h: No such file or directory
configure:4098: $? = 1
configure: failed program was:
| /* confdefs.h */
| #define PACKAGE_NAME "xblas"
| #define PACKAGE_TARNAME "xblas"
| #define PACKAGE_VERSION "1.0"
| #define PACKAGE_STRING "xblas 1.0"
| #define PACKAGE_BUGREPORT "extended_blas@cs.berkeley.edu"
| #define PACKAGE_URL ""
| /* end confdefs.h.  */
| #include <ac_nonexistent.h>
configure:4123: result: gcc -E
configure:4143: gcc -E  conftest.c
configure:4143: $? = 0
configure:4157: gcc -E  conftest.c
conftest.c:9:28: error: ac_nonexistent.h: No such file or directory
configure:4157: $? = 1
configure: failed program was:
| /* confdefs.h */
| #define PACKAGE_NAME "xblas"
| #define PACKAGE_TARNAME "xblas"
| #define PACKAGE_VERSION "1.0"
| #define PACKAGE_STRING "xblas 1.0"
| #define PACKAGE_BUGREPORT "extended_blas@cs.berkeley.edu"
| #define PACKAGE_URL ""
| /* end confdefs.h.  */
| #include <ac_nonexistent.h>
configure:4186: checking for grep that handles long lines and -e
configure:4244: result: /bin/grep
configure:4249: checking for egrep
configure:4311: result: /bin/grep -E
configure:4316: checking for ANSI C header files
configure:4344: gcc -c  -D_FILE_OFFSET_BITS=64 -D_LARGEFILE_SOURCE -DBINTRAJ -O3 -mtune=native -DBINTRAJ -DCONFIG_FC_UNDERSCORE  conftest.c >&5
configure:4344: $? = 0
configure:4417: gcc -o conftest  -D_FILE_OFFSET_BITS=64 -D_LARGEFILE_SOURCE -DBINTRAJ -O3 -mtune=native -DBINTRAJ -DCONFIG_FC_UNDERSCORE   conftest.c  >&5
configure:4417: $? = 0
configure:4417: ./conftest
configure:4417: $? = 0
configure:4428: result: yes
configure:4441: checking for sys/types.h
configure:4441: gcc -c  -D_FILE_OFFSET_BITS=64 -D_LARGEFILE_SOURCE -DBINTRAJ -O3 -mtune=native -DBINTRAJ -DCONFIG_FC_UNDERSCORE  conftest.c >&5
configure:4441: $? = 0
configure:4441: result: yes
configure:4441: checking for sys/stat.h
configure:4441: gcc -c  -D_FILE_OFFSET_BITS=64 -D_LARGEFILE_SOURCE -DBINTRAJ -O3 -mtune=native -DBINTRAJ -DCONFIG_FC_UNDERSCORE  conftest.c >&5
configure:4441: $? = 0
configure:4441: result: yes
configure:4441: checking for stdlib.h
configure:4441: gcc -c  -D_FILE_OFFSET_BITS=64 -D_LARGEFILE_SOURCE -DBINTRAJ -O3 -mtune=native -DBINTRAJ -DCONFIG_FC_UNDERSCORE  conftest.c >&5
configure:4441: $? = 0
configure:4441: result: yes
configure:4441: checking for string.h
configure:4441: gcc -c  -D_FILE_OFFSET_BITS=64 -D_LARGEFILE_SOURCE -DBINTRAJ -O3 -mtune=native -DBINTRAJ -DCONFIG_FC_UNDERSCORE  conftest.c >&5
configure:4441: $? = 0
configure:4441: result: yes
configure:4441: checking for memory.h
configure:4441: gcc -c  -D_FILE_OFFSET_BITS=64 -D_LARGEFILE_SOURCE -DBINTRAJ -O3 -mtune=native -DBINTRAJ -DCONFIG_FC_UNDERSCORE  conftest.c >&5
configure:4441: $? = 0
configure:4441: result: yes
configure:4441: checking for strings.h
configure:4441: gcc -c  -D_FILE_OFFSET_BITS=64 -D_LARGEFILE_SOURCE -DBINTRAJ -O3 -mtune=native -DBINTRAJ -DCONFIG_FC_UNDERSCORE  conftest.c >&5
configure:4441: $? = 0
configure:4441: result: yes
configure:4441: checking for inttypes.h
configure:4441: gcc -c  -D_FILE_OFFSET_BITS=64 -D_LARGEFILE_SOURCE -DBINTRAJ -O3 -mtune=native -DBINTRAJ -DCONFIG_FC_UNDERSCORE  conftest.c >&5
configure:4441: $? = 0
configure:4441: result: yes
configure:4441: checking for stdint.h
configure:4441: gcc -c  -D_FILE_OFFSET_BITS=64 -D_LARGEFILE_SOURCE -DBINTRAJ -O3 -mtune=native -DBINTRAJ -DCONFIG_FC_UNDERSCORE  conftest.c >&5
configure:4441: $? = 0
configure:4441: result: yes
configure:4441: checking for unistd.h
configure:4441: gcc -c  -D_FILE_OFFSET_BITS=64 -D_LARGEFILE_SOURCE -DBINTRAJ -O3 -mtune=native -DBINTRAJ -DCONFIG_FC_UNDERSCORE  conftest.c >&5
configure:4441: $? = 0
configure:4441: result: yes
configure:4453: checking fpu_control.h usability
configure:4453: gcc -c  -D_FILE_OFFSET_BITS=64 -D_LARGEFILE_SOURCE -DBINTRAJ -O3 -mtune=native -DBINTRAJ -DCONFIG_FC_UNDERSCORE  conftest.c >&5
configure:4453: $? = 0
configure:4453: result: yes
configure:4453: checking fpu_control.h presence
configure:4453: gcc -E  conftest.c
configure:4453: $? = 0
configure:4453: result: yes
configure:4453: checking for fpu_control.h
configure:4453: result: yes
configure:4462: checking whether x86 FPU control code is needed
configure:4471: result: yes
configure:4478: checking for m4
configure:4494: found /usr/bin/m4
configure:4505: result: m4
configure:4520: checking whether we are using GNU m4
configure:4528: result: yes
configure:4537: checking for indent
configure:4565: result: :
configure:4754: creating ./config.status

## ---------------------- ##
## Running config.status. ##
## ---------------------- ##

This file was extended by xblas config.status 1.0, which was
generated by GNU Autoconf 2.68.  Invocation command line was

  CONFIG_FILES    = 
  CONFIG_HEADERS  = 
  CONFIG_LINKS    = 
  CONFIG_COMMANDS = 
  $ ./config.status 

on ctb3

config.status:769: creating make.inc
config.status:930: executing gen_makefile commands

## ---------------- ##
## Cache variables. ##
## ---------------- ##

ac_cv_build=x86_64-unknown-linux-gnu
ac_cv_c_compiler_gnu=yes
ac_cv_env_CC_set=set
ac_cv_env_CC_value=gcc
ac_cv_env_CFLAGS_set=set
ac_cv_env_CFLAGS_value=' -D_FILE_OFFSET_BITS=64 -D_LARGEFILE_SOURCE -DBINTRAJ -O3 -mtune=native -DBINTRAJ'
ac_cv_env_CPPFLAGS_set=
ac_cv_env_CPPFLAGS_value=
ac_cv_env_CPP_set=
ac_cv_env_CPP_value=
ac_cv_env_EXTRA_LIBS_set=
ac_cv_env_EXTRA_LIBS_value=
ac_cv_env_FCFLAGS_set=
ac_cv_env_FCFLAGS_value=
ac_cv_env_FC_set=set
ac_cv_env_FC_value=gfortran
ac_cv_env_INDENT_OPTS_set=
ac_cv_env_INDENT_OPTS_value=
ac_cv_env_INDENT_set=
ac_cv_env_INDENT_value=
ac_cv_env_LDFLAGS_set=
ac_cv_env_LDFLAGS_value=
ac_cv_env_LIBS_set=
ac_cv_env_LIBS_value=
ac_cv_env_M4_OPTS_set=
ac_cv_env_M4_OPTS_value=
ac_cv_env_M4_set=
ac_cv_env_M4_value=
ac_cv_env_build_alias_set=
ac_cv_env_build_alias_value=
ac_cv_env_host_alias_set=
ac_cv_env_host_alias_value=
ac_cv_env_target_alias_set=
ac_cv_env_target_alias_value=
ac_cv_fc_compiler_gnu=yes
ac_cv_fc_dummy_main=none
ac_cv_fc_libs=' -L/usr/lib/gcc/x86_64-linux-gnu/4.4.5 -L/usr/lib/gcc/x86_64-linux-gnu/4.4.5/../../../../lib -L/lib/../lib -L/usr/lib/../lib -L/usr/lib/gcc/x86_64-linux-gnu/4.4.5/../../.. -lgfortranbegin -lgfortran -lm'
ac_cv_fc_mangling='lower case, underscore, no extra underscore'
ac_cv_fortran_dummy_main=none
ac_cv_header_fpu_control_h=yes
ac_cv_header_inttypes_h=yes
ac_cv_header_memory_h=yes
ac_cv_header_stdc=yes
ac_cv_header_stdint_h=yes
ac_cv_header_stdlib_h=yes
ac_cv_header_string_h=yes
ac_cv_header_strings_h=yes
ac_cv_header_sys_stat_h=yes
ac_cv_header_sys_types_h=yes
ac_cv_header_unistd_h=yes
ac_cv_host=x86_64-unknown-linux-gnu
ac_cv_objext=o
ac_cv_path_EGREP='/bin/grep -E'
ac_cv_path_GREP=/bin/grep
ac_cv_prog_CPP='gcc -E'
ac_cv_prog_INDENT=:
ac_cv_prog_M4=m4
ac_cv_prog_ac_ct_CC=gcc
ac_cv_prog_ac_ct_RANLIB=ranlib
ac_cv_prog_cc_c89=
ac_cv_prog_cc_g=yes
ac_cv_prog_fc_g=yes
ac_cv_prog_fc_v=-v
ac_cv_target=x86_64-unknown-linux-gnu

## ----------------- ##
## Output variables. ##
## ----------------- ##

CC='gcc'
CFLAGS=' -D_FILE_OFFSET_BITS=64 -D_LARGEFILE_SOURCE -DBINTRAJ -O3 -mtune=native -DBINTRAJ -DCONFIG_FC_UNDERSCORE -DHAVE_FPU_CONTROL_H -Dx86'
CPP='gcc -E'
CPPFLAGS=''
DEFS='-DPACKAGE_NAME=\"xblas\" -DPACKAGE_TARNAME=\"xblas\" -DPACKAGE_VERSION=\"1.0\" -DPACKAGE_STRING=\"xblas\ 1.0\" -DPACKAGE_BUGREPORT=\"extended_blas@cs.berkeley.edu\" -DPACKAGE_URL=\"\" -DSTDC_HEADERS=1 -DHAVE_SYS_TYPES_H=1 -DHAVE_SYS_STAT_H=1 -DHAVE_STDLIB_H=1 -DHAVE_STRING_H=1 -DHAVE_MEMORY_H=1 -DHAVE_STRINGS_H=1 -DHAVE_INTTYPES_H=1 -DHAVE_STDINT_H=1 -DHAVE_UNISTD_H=1'
ECHO_C=''
ECHO_N='-n'
ECHO_T=''
EGREP='/bin/grep -E'
EXEEXT=''
EXTRA_LIBS=' -lm'
FC='gfortran'
FCFLAGS='-g -O2'
FCLIBS=' -L/usr/lib/gcc/x86_64-linux-gnu/4.4.5 -L/usr/lib/gcc/x86_64-linux-gnu/4.4.5/../../../../lib -L/lib/../lib -L/usr/lib/../lib -L/usr/lib/gcc/x86_64-linux-gnu/4.4.5/../../.. -lgfortranbegin -lgfortran -lm'
GREP='/bin/grep'
INDENT=':'
INDENT_OPTS=''
LDFLAGS=''
LIBOBJS=''
LIBS=''
LTLIBOBJS=''
M4='m4'
M4_OPTS=''
OBJEXT='o'
PACKAGE_BUGREPORT='extended_blas@cs.berkeley.edu'
PACKAGE_NAME='xblas'
PACKAGE_STRING='xblas 1.0'
PACKAGE_TARNAME='xblas'
PACKAGE_URL=''
PACKAGE_VERSION='1.0'
PATH_SEPARATOR=':'
RANLIB='ranlib'
SHELL='/bin/bash'
ac_ct_CC='gcc'
ac_ct_FC=''
bindir='${exec_prefix}/bin'
build='x86_64-unknown-linux-gnu'
build_alias=''
build_cpu='x86_64'
build_os='linux-gnu'
build_vendor='unknown'
datadir='${datarootdir}'
datarootdir='${prefix}/share'
docdir='${datarootdir}/doc/${PACKAGE_TARNAME}'
dvidir='${docdir}'
exec_prefix='${prefix}'
host='x86_64-unknown-linux-gnu'
host_alias=''
host_cpu='x86_64'
host_os='linux-gnu'
host_vendor='unknown'
htmldir='${docdir}'
includedir='${prefix}/include'
infodir='${datarootdir}/info'
libdir='${exec_prefix}/lib'
libexecdir='${exec_prefix}/libexec'
localedir='${datarootdir}/locale'
localstatedir='${prefix}/var'
mandir='${datarootdir}/man'
oldincludedir='/usr/include'
pdfdir='${docdir}'
prefix='/home/tim/amber12/lib'
program_transform_name='s,x,x,'
psdir='${docdir}'
sbindir='${exec_prefix}/sbin'
sharedstatedir='${prefix}/com'
sysconfdir='${prefix}/etc'
target='x86_64-unknown-linux-gnu'
target_alias=''
target_cpu='x86_64'
target_os='linux-gnu'
target_vendor='unknown'

## ----------- ##
## confdefs.h. ##
## ----------- ##

/* confdefs.h */
#define PACKAGE_NAME "xblas"
#define PACKAGE_TARNAME "xblas"
#define PACKAGE_VERSION "1.0"
#define PACKAGE_STRING "xblas 1.0"
#define PACKAGE_BUGREPORT "extended_blas@cs.berkeley.edu"
#define PACKAGE_URL ""
#define STDC_HEADERS 1
#define HAVE_SYS_TYPES_H 1
#define HAVE_SYS_STAT_H 1
#define HAVE_STDLIB_H 1
#define HAVE_STRING_H 1
#define HAVE_MEMORY_H 1
#define HAVE_STRINGS_H 1
#define HAVE_INTTYPES_H 1
#define HAVE_STDINT_H 1
#define HAVE_UNISTD_H 1

configure: exit 0
