This file contains any messages produced by compilers while
running configure, to aid debugging if configure makes a mistake.

It was created by netCDF configure 3.6.2, which was
generated by GNU Autoconf 2.61.  Invocation command line was

  $ ./configure FC=gfortran F90=gfortran FFLAGS=-static -O3 -mtune=native FCFLAGS=-static -O3 -mtune=native F90FLAGS=-static -O3 -mtune=native CPPFLAGS=-DNDEBUG CC=gcc CFLAGS= -D_FILE_OFFSET_BITS=64 -D_LARGEFILE_SOURCE  CXX=g++ CXXFLAGS=  LDFLAGS=-static --prefix=/home/tim/amber12/AmberTools --disable-cxx

## --------- ##
## Platform. ##
## --------- ##

hostname = ctb3
uname -m = x86_64
uname -r = 2.6.32-5-amd64
uname -s = Linux
uname -v = #1 SMP Sun Sep 23 10:07:46 UTC 2012

/usr/bin/uname -p = unknown
/bin/uname -X     = unknown

/bin/arch              = unknown
/usr/bin/arch -k       = unknown
/usr/convex/getsysinfo = unknown
/usr/bin/hostinfo      = unknown
/bin/machine           = unknown
/usr/bin/oslevel       = unknown
/bin/universe          = unknown

PATH: /usr/local/bin
PATH: /usr/bin
PATH: /bin
PATH: /usr/local/games
PATH: /usr/games


## ----------- ##
## Core tests. ##
## ----------- ##

configure:2055: netCDF 3.6.2
configure:2096: checking build system type
configure:2114: result: x86_64-unknown-linux-gnu
configure:2136: checking host system type
configure:2151: result: x86_64-unknown-linux-gnu
configure:2196: checking for a BSD-compatible install
configure:2252: result: /usr/bin/install -c
configure:2263: checking whether build environment is sane
configure:2306: result: yes
configure:2371: checking for gawk
configure:2401: result: no
configure:2371: checking for mawk
configure:2387: found /usr/bin/mawk
configure:2398: result: mawk
configure:2409: checking whether make sets $(MAKE)
configure:2430: result: yes
configure:2614: checking whether to enable maintainer-specific portions of Makefiles
configure:2623: result: no
configure:2642: checking user options
configure:2679: checking whether CXX is set to ''
configure:2683: result: no
configure:2687: checking whether FC is set to ''
configure:2691: result: no
configure:2695: checking whether F90 is set to ''
configure:2699: result: no
configure:2725: checking whether documentation is to be installed
configure:2733: result: no
configure:2749: checking whether Fortran compiler(s) should be tested during configure
configure:2757: result: yes
configure:2762: checking whether configure should try to set compiler flags
configure:2770: result: yes
configure:2774: checking whether FFIO will be used
configure:2782: result: no
configure:2797: checking whether to skip C++, F77, or F90 APIs if compiler is broken
configure:2805: result: yes
configure:2809: checking whether only the C library is desired
configure:2817: result: no
configure:2836: checking whether examples should be built
configure:2844: result: yes
configure:2858: checking whether F77 API is desired
configure:2867: result: yes
configure:2872: checking whether F90 API is desired
configure:2882: result: yes
configure:2886: checking whether fortran type sizes should be checked
configure:2894: result: yes
configure:2900: checking whether C API is desired
configure:2908: result: yes
configure:2915: checking where to get netCDF C-only library for separate fortran libraries
configure:2933: result: 
configure:2948: checking whether CXX API is desired
configure:2957: result: no
configure:2961: checking whether v2 netCDF API should be built
configure:2969: result: yes
configure:2990: checking whether the ncgen/ncdump should be built
configure:2998: result: yes
configure:3012: checking whether large file (> 2GB) tests should be run
configure:3020: result: no
configure:3034: checking whether extreme numbers should be used in tests
configure:3049: result: yes
configure:3063: checking where to put large temp files if large file tests are run
configure:3072: result: .
configure:3083: checking whether a win32 DLL is desired
configure:3091: result: no
configure:3117: checking whether separate fortran libs are desired
configure:3126: result: no
configure:3185: finding C compiler
configure:3305: checking for C compiler version
configure:3312: gcc --version >&5
gcc (Debian 4.4.5-8) 4.4.5
Copyright (C) 2010 Free Software Foundation, Inc.
This is free software; see the source for copying conditions.  There is NO
warranty; not even for MERCHANTABILITY or FITNESS FOR A PARTICULAR PURPOSE.

configure:3315: $? = 0
configure:3322: gcc -v >&5
Using built-in specs.
Target: x86_64-linux-gnu
Configured with: ../src/configure -v --with-pkgversion='Debian 4.4.5-8' --with-bugurl=file:///usr/share/doc/gcc-4.4/README.Bugs --enable-languages=c,c++,fortran,objc,obj-c++ --prefix=/usr --program-suffix=-4.4 --enable-shared --enable-multiarch --enable-linker-build-id --with-system-zlib --libexecdir=/usr/lib --without-included-gettext --enable-threads=posix --with-gxx-include-dir=/usr/include/c++/4.4 --libdir=/usr/lib --enable-nls --enable-clocale=gnu --enable-libstdcxx-debug --enable-objc-gc --with-arch-32=i586 --with-tune=generic --enable-checking=release --build=x86_64-linux-gnu --host=x86_64-linux-gnu --target=x86_64-linux-gnu
Thread model: posix
gcc version 4.4.5 (Debian 4.4.5-8) 
configure:3325: $? = 0
configure:3332: gcc -V >&5
gcc: '-V' option must have argument
configure:3335: $? = 1
configure:3358: checking for C compiler default output file name
configure:3385: gcc  -D_FILE_OFFSET_BITS=64 -D_LARGEFILE_SOURCE  -DNDEBUG -static conftest.c  >&5
configure:3388: $? = 0
configure:3426: result: a.out
configure:3443: checking whether the C compiler works
configure:3453: ./a.out
configure:3456: $? = 0
configure:3473: result: yes
configure:3480: checking whether we are cross compiling
configure:3482: result: no
configure:3485: checking for suffix of executables
configure:3492: gcc -o conftest  -D_FILE_OFFSET_BITS=64 -D_LARGEFILE_SOURCE  -DNDEBUG -static conftest.c  >&5
configure:3495: $? = 0
configure:3519: result: 
configure:3525: checking for suffix of object files
configure:3551: gcc -c  -D_FILE_OFFSET_BITS=64 -D_LARGEFILE_SOURCE  -DNDEBUG conftest.c >&5
configure:3554: $? = 0
configure:3577: result: o
configure:3581: checking whether we are using the GNU C compiler
configure:3610: gcc -c  -D_FILE_OFFSET_BITS=64 -D_LARGEFILE_SOURCE  -DNDEBUG conftest.c >&5
configure:3616: $? = 0
configure:3633: result: yes
configure:3638: checking whether gcc accepts -g
configure:3668: gcc -c -g -DNDEBUG conftest.c >&5
configure:3674: $? = 0
configure:3773: result: yes
configure:3790: checking for gcc option to accept ISO C89
configure:3864: gcc  -c  -D_FILE_OFFSET_BITS=64 -D_LARGEFILE_SOURCE  -DNDEBUG conftest.c >&5
configure:3870: $? = 0
configure:3893: result: none needed
configure:3922: checking for style of include used by make
configure:3950: result: GNU
configure:3978: checking dependency style of gcc
configure:4068: result: gcc3
configure:4086: checking whether gcc and cc understand -c and -o together
configure:4121: gcc -c conftest.c -o conftest2.o >&5
configure:4124: $? = 0
configure:4130: gcc -c conftest.c -o conftest2.o >&5
configure:4133: $? = 0
configure:4144: cc -c conftest.c >&5
configure:4147: $? = 0
configure:4155: cc -c conftest.c -o conftest2.o >&5
configure:4158: $? = 0
configure:4164: cc -c conftest.c -o conftest2.o >&5
configure:4167: $? = 0
configure:4185: result: yes
configure:4211: checking for an ANSI C-conforming const
configure:4286: gcc -c  -D_FILE_OFFSET_BITS=64 -D_LARGEFILE_SOURCE  -DNDEBUG conftest.c >&5
configure:4292: $? = 0
configure:4307: result: yes
configure:4338: finding Fortran compiler (will not be used if Fortran API is not desired)
configure:4728: checking for Fortran compiler version
configure:4735: gfortran --version >&5
GNU Fortran (Debian 4.4.5-8) 4.4.5
Copyright (C) 2010 Free Software Foundation, Inc.

GNU Fortran comes with NO WARRANTY, to the extent permitted by law.
You may redistribute copies of GNU Fortran
under the terms of the GNU General Public License.
For more information about these matters, see the file named COPYING

configure:4738: $? = 0
configure:4745: gfortran -v >&5
Using built-in specs.
Target: x86_64-linux-gnu
Configured with: ../src/configure -v --with-pkgversion='Debian 4.4.5-8' --with-bugurl=file:///usr/share/doc/gcc-4.4/README.Bugs --enable-languages=c,c++,fortran,objc,obj-c++ --prefix=/usr --program-suffix=-4.4 --enable-shared --enable-multiarch --enable-linker-build-id --with-system-zlib --libexecdir=/usr/lib --without-included-gettext --enable-threads=posix --with-gxx-include-dir=/usr/include/c++/4.4 --libdir=/usr/lib --enable-nls --enable-clocale=gnu --enable-libstdcxx-debug --enable-objc-gc --with-arch-32=i586 --with-tune=generic --enable-checking=release --build=x86_64-linux-gnu --host=x86_64-linux-gnu --target=x86_64-linux-gnu
Thread model: posix
gcc version 4.4.5 (Debian 4.4.5-8) 
configure:4748: $? = 0
configure:4755: gfortran -V >&5
gfortran: '-V' option must have argument
configure:4758: $? = 1
configure:4766: checking whether we are using the GNU Fortran compiler
configure:4785: gfortran -c -static -O3 -mtune=native  conftest.F >&5
configure:4791: $? = 0
configure:4808: result: yes
configure:4814: checking whether gfortran accepts -g
configure:4831: gfortran -c -g  conftest.f >&5
configure:4837: $? = 0
configure:4853: result: yes
configure:5003: checking for Fortran 77 compiler version
configure:5010: gfortran --version >&5
GNU Fortran (Debian 4.4.5-8) 4.4.5
Copyright (C) 2010 Free Software Foundation, Inc.

GNU Fortran comes with NO WARRANTY, to the extent permitted by law.
You may redistribute copies of GNU Fortran
under the terms of the GNU General Public License.
For more information about these matters, see the file named COPYING

configure:5013: $? = 0
configure:5020: gfortran -v >&5
Using built-in specs.
Target: x86_64-linux-gnu
Configured with: ../src/configure -v --with-pkgversion='Debian 4.4.5-8' --with-bugurl=file:///usr/share/doc/gcc-4.4/README.Bugs --enable-languages=c,c++,fortran,objc,obj-c++ --prefix=/usr --program-suffix=-4.4 --enable-shared --enable-multiarch --enable-linker-build-id --with-system-zlib --libexecdir=/usr/lib --without-included-gettext --enable-threads=posix --with-gxx-include-dir=/usr/include/c++/4.4 --libdir=/usr/lib --enable-nls --enable-clocale=gnu --enable-libstdcxx-debug --enable-objc-gc --with-arch-32=i586 --with-tune=generic --enable-checking=release --build=x86_64-linux-gnu --host=x86_64-linux-gnu --target=x86_64-linux-gnu
Thread model: posix
gcc version 4.4.5 (Debian 4.4.5-8) 
configure:5023: $? = 0
configure:5030: gfortran -V >&5
gfortran: '-V' option must have argument
configure:5033: $? = 1
configure:5041: checking whether we are using the GNU Fortran 77 compiler
configure:5060: gfortran -c -static -O3 -mtune=native conftest.F >&5
configure:5066: $? = 0
configure:5083: result: yes
configure:5089: checking whether gfortran accepts -g
configure:5106: gfortran -c -g conftest.f >&5
configure:5112: $? = 0
configure:5128: result: yes
configure:5172: setting up Fortran 90
configure:5191: checking for Fortran flag to compile .f90 files
configure:5213: gfortran -c -static -O3 -mtune=native  conftest.f90 >&5
configure:5219: $? = 0
configure:5238: result: none
configure:5268: checking fortran 90 modules inclusion flag
configure:5299: gfortran -c -static -O3 -mtune=native  conftest.f90 >&5
configure:5305: $? = 0
configure:5338: gfortran -c -static -O3 -mtune=native -Itmpdir_0  conftest.f90 >&5
configure:5344: $? = 0
configure:5375: result: -I
configure:5387: checking if Fortran compiler can handle Fortran-90
configure:5395: gfortran -static -O3 -mtune=native    conftest.f90
configure:5398: $? = 0
configure:5412: result: yes
configure:5421: finding C++ compiler (will not be used if C++ API is not desired)
configure:5546: checking for C++ compiler version
configure:5553: g++ --version >&5
g++ (Debian 4.4.5-8) 4.4.5
Copyright (C) 2010 Free Software Foundation, Inc.
This is free software; see the source for copying conditions.  There is NO
warranty; not even for MERCHANTABILITY or FITNESS FOR A PARTICULAR PURPOSE.

configure:5556: $? = 0
configure:5563: g++ -v >&5
Using built-in specs.
Target: x86_64-linux-gnu
Configured with: ../src/configure -v --with-pkgversion='Debian 4.4.5-8' --with-bugurl=file:///usr/share/doc/gcc-4.4/README.Bugs --enable-languages=c,c++,fortran,objc,obj-c++ --prefix=/usr --program-suffix=-4.4 --enable-shared --enable-multiarch --enable-linker-build-id --with-system-zlib --libexecdir=/usr/lib --without-included-gettext --enable-threads=posix --with-gxx-include-dir=/usr/include/c++/4.4 --libdir=/usr/lib --enable-nls --enable-clocale=gnu --enable-libstdcxx-debug --enable-objc-gc --with-arch-32=i586 --with-tune=generic --enable-checking=release --build=x86_64-linux-gnu --host=x86_64-linux-gnu --target=x86_64-linux-gnu
Thread model: posix
gcc version 4.4.5 (Debian 4.4.5-8) 
configure:5566: $? = 0
configure:5573: g++ -V >&5
g++: '-V' option must have argument
configure:5576: $? = 1
configure:5579: checking whether we are using the GNU C++ compiler
configure:5608: g++ -c   -DNDEBUG conftest.cpp >&5
configure:5614: $? = 0
configure:5631: result: yes
configure:5636: checking whether g++ accepts -g
configure:5666: g++ -c -g -DNDEBUG conftest.cpp >&5
configure:5672: $? = 0
configure:5771: result: yes
configure:5796: checking dependency style of g++
configure:5886: result: gcc3
configure:6023: checking for a sed that does not truncate output
configure:6079: result: /bin/sed
configure:6082: checking for grep that handles long lines and -e
configure:6156: result: /bin/grep
configure:6161: checking for egrep
configure:6239: result: /bin/grep -E
configure:6255: checking for ld used by gcc
configure:6322: result: /usr/bin/ld
configure:6331: checking if the linker (/usr/bin/ld) is GNU ld
configure:6346: result: yes
configure:6351: checking for /usr/bin/ld option to reload object files
configure:6358: result: -r
configure:6376: checking for BSD-compatible nm
configure:6425: result: /usr/bin/nm -B
configure:6429: checking whether ln -s works
configure:6433: result: yes
configure:6440: checking how to recognize dependent libraries
configure:6626: result: pass_all
configure:6714: gcc -c  -D_FILE_OFFSET_BITS=64 -D_LARGEFILE_SOURCE  -DNDEBUG conftest.c >&5
configure:6717: $? = 0
configure:7160: checking how to run the C preprocessor
configure:7200: gcc -E -DNDEBUG conftest.c
configure:7206: $? = 0
configure:7237: gcc -E -DNDEBUG conftest.c
conftest.c:12:28: error: ac_nonexistent.h: No such file or directory
configure:7243: $? = 1
configure: failed program was:
| /* confdefs.h.  */
| #define PACKAGE_NAME "netCDF"
| #define PACKAGE_TARNAME "netcdf"
| #define PACKAGE_VERSION "3.6.2"
| #define PACKAGE_STRING "netCDF 3.6.2"
| #define PACKAGE_BUGREPORT "support@unidata.ucar.edu"
| #define PACKAGE "netcdf"
| #define VERSION "3.6.2"
| #define USE_EXTREME_NUMBERS 1
| #define TEMP_LARGE $TEMP_LARGE
| /* end confdefs.h.  */
| #include <ac_nonexistent.h>
configure:7276: result: gcc -E
configure:7305: gcc -E -DNDEBUG conftest.c
configure:7311: $? = 0
configure:7342: gcc -E -DNDEBUG conftest.c
conftest.c:12:28: error: ac_nonexistent.h: No such file or directory
configure:7348: $? = 1
configure: failed program was:
| /* confdefs.h.  */
| #define PACKAGE_NAME "netCDF"
| #define PACKAGE_TARNAME "netcdf"
| #define PACKAGE_VERSION "3.6.2"
| #define PACKAGE_STRING "netCDF 3.6.2"
| #define PACKAGE_BUGREPORT "support@unidata.ucar.edu"
| #define PACKAGE "netcdf"
| #define VERSION "3.6.2"
| #define USE_EXTREME_NUMBERS 1
| #define TEMP_LARGE $TEMP_LARGE
| /* end confdefs.h.  */
| #include <ac_nonexistent.h>
configure:7386: checking for ANSI C header files
configure:7416: gcc -c  -D_FILE_OFFSET_BITS=64 -D_LARGEFILE_SOURCE  -DNDEBUG conftest.c >&5
configure:7422: $? = 0
configure:7521: gcc -o conftest  -D_FILE_OFFSET_BITS=64 -D_LARGEFILE_SOURCE  -DNDEBUG -static conftest.c  >&5
configure:7524: $? = 0
configure:7530: ./conftest
configure:7533: $? = 0
configure:7550: result: yes
configure:7574: checking for sys/types.h
configure:7595: gcc -c  -D_FILE_OFFSET_BITS=64 -D_LARGEFILE_SOURCE  -DNDEBUG conftest.c >&5
configure:7601: $? = 0
configure:7617: result: yes
configure:7574: checking for sys/stat.h
configure:7595: gcc -c  -D_FILE_OFFSET_BITS=64 -D_LARGEFILE_SOURCE  -DNDEBUG conftest.c >&5
configure:7601: $? = 0
configure:7617: result: yes
configure:7574: checking for stdlib.h
configure:7595: gcc -c  -D_FILE_OFFSET_BITS=64 -D_LARGEFILE_SOURCE  -DNDEBUG conftest.c >&5
configure:7601: $? = 0
configure:7617: result: yes
configure:7574: checking for string.h
configure:7595: gcc -c  -D_FILE_OFFSET_BITS=64 -D_LARGEFILE_SOURCE  -DNDEBUG conftest.c >&5
configure:7601: $? = 0
configure:7617: result: yes
configure:7574: checking for memory.h
configure:7595: gcc -c  -D_FILE_OFFSET_BITS=64 -D_LARGEFILE_SOURCE  -DNDEBUG conftest.c >&5
configure:7601: $? = 0
configure:7617: result: yes
configure:7574: checking for strings.h
configure:7595: gcc -c  -D_FILE_OFFSET_BITS=64 -D_LARGEFILE_SOURCE  -DNDEBUG conftest.c >&5
configure:7601: $? = 0
configure:7617: result: yes
configure:7574: checking for inttypes.h
configure:7595: gcc -c  -D_FILE_OFFSET_BITS=64 -D_LARGEFILE_SOURCE  -DNDEBUG conftest.c >&5
configure:7601: $? = 0
configure:7617: result: yes
configure:7574: checking for stdint.h
configure:7595: gcc -c  -D_FILE_OFFSET_BITS=64 -D_LARGEFILE_SOURCE  -DNDEBUG conftest.c >&5
configure:7601: $? = 0
configure:7617: result: yes
configure:7574: checking for unistd.h
configure:7595: gcc -c  -D_FILE_OFFSET_BITS=64 -D_LARGEFILE_SOURCE  -DNDEBUG conftest.c >&5
configure:7601: $? = 0
configure:7617: result: yes
configure:7644: checking dlfcn.h usability
configure:7661: gcc -c  -D_FILE_OFFSET_BITS=64 -D_LARGEFILE_SOURCE  -DNDEBUG conftest.c >&5
configure:7667: $? = 0
configure:7681: result: yes
configure:7685: checking dlfcn.h presence
configure:7700: gcc -E -DNDEBUG conftest.c
configure:7706: $? = 0
configure:7720: result: yes
configure:7753: checking for dlfcn.h
configure:7761: result: yes
configure:7784: checking how to run the C++ preprocessor
configure:7820: g++ -E -DNDEBUG conftest.cpp
configure:7826: $? = 0
configure:7857: g++ -E -DNDEBUG conftest.cpp
conftest.cpp:23:28: error: ac_nonexistent.h: No such file or directory
configure:7863: $? = 1
configure: failed program was:
| /* confdefs.h.  */
| #define PACKAGE_NAME "netCDF"
| #define PACKAGE_TARNAME "netcdf"
| #define PACKAGE_VERSION "3.6.2"
| #define PACKAGE_STRING "netCDF 3.6.2"
| #define PACKAGE_BUGREPORT "support@unidata.ucar.edu"
| #define PACKAGE "netcdf"
| #define VERSION "3.6.2"
| #define USE_EXTREME_NUMBERS 1
| #define TEMP_LARGE $TEMP_LARGE
| #define STDC_HEADERS 1
| #define HAVE_SYS_TYPES_H 1
| #define HAVE_SYS_STAT_H 1
| #define HAVE_STDLIB_H 1
| #define HAVE_STRING_H 1
| #define HAVE_MEMORY_H 1
| #define HAVE_STRINGS_H 1
| #define HAVE_INTTYPES_H 1
| #define HAVE_STDINT_H 1
| #define HAVE_UNISTD_H 1
| #define HAVE_DLFCN_H 1
| /* end confdefs.h.  */
| #include <ac_nonexistent.h>
configure:7896: result: g++ -E
configure:7925: g++ -E -DNDEBUG conftest.cpp
configure:7931: $? = 0
configure:7962: g++ -E -DNDEBUG conftest.cpp
conftest.cpp:23:28: error: ac_nonexistent.h: No such file or directory
configure:7968: $? = 1
configure: failed program was:
| /* confdefs.h.  */
| #define PACKAGE_NAME "netCDF"
| #define PACKAGE_TARNAME "netcdf"
| #define PACKAGE_VERSION "3.6.2"
| #define PACKAGE_STRING "netCDF 3.6.2"
| #define PACKAGE_BUGREPORT "support@unidata.ucar.edu"
| #define PACKAGE "netcdf"
| #define VERSION "3.6.2"
| #define USE_EXTREME_NUMBERS 1
| #define TEMP_LARGE $TEMP_LARGE
| #define STDC_HEADERS 1
| #define HAVE_SYS_TYPES_H 1
| #define HAVE_SYS_STAT_H 1
| #define HAVE_STDLIB_H 1
| #define HAVE_STRING_H 1
| #define HAVE_MEMORY_H 1
| #define HAVE_STRINGS_H 1
| #define HAVE_INTTYPES_H 1
| #define HAVE_STDINT_H 1
| #define HAVE_UNISTD_H 1
| #define HAVE_DLFCN_H 1
| /* end confdefs.h.  */
| #include <ac_nonexistent.h>
configure:8012: checking the maximum length of command line arguments
configure:8124: result: 1572864
configure:8136: checking command to parse /usr/bin/nm -B output from gcc object
configure:8241: g++ -c   -DNDEBUG conftest.cpp >&5
configure:8244: $? = 0
configure:8248: /usr/bin/nm -B conftest.o \| sed -n -e 's/^.*[ 	]\([ABCDGIRSTW][ABCDGIRSTW]*\)[ 	][ 	]*\([_A-Za-z][_A-Za-z0-9]*\)$/\1 \2 \2/p' \> conftest.nm
configure:8251: $? = 0
configure:8303: g++ -o conftest   -DNDEBUG -static conftest.cpp conftstm.o >&5
configure:8306: $? = 0
configure:8344: result: ok
configure:8348: checking for objdir
configure:8363: result: .libs
configure:8455: checking for ar
configure:8471: found /usr/bin/ar
configure:8482: result: ar
configure:8551: checking for ranlib
configure:8567: found /usr/bin/ranlib
configure:8578: result: ranlib
configure:8647: checking for strip
configure:8663: found /usr/bin/strip
configure:8674: result: strip
configure:9223: checking for correct ltmain.sh version
configure:9273: result: yes
configure:9333: checking if gcc supports -fno-rtti -fno-exceptions
configure:9351: gcc -c  -D_FILE_OFFSET_BITS=64 -D_LARGEFILE_SOURCE  -DNDEBUG -fno-rtti -fno-exceptions conftest.c >&5
cc1: warning: command line option "-fno-rtti" is valid for C++/ObjC++ but not for C
configure:9355: $? = 0
configure:9368: result: no
configure:9383: checking for gcc option to produce PIC
configure:9615: result: -fPIC
configure:9623: checking if gcc PIC flag -fPIC works
configure:9641: gcc -c  -D_FILE_OFFSET_BITS=64 -D_LARGEFILE_SOURCE  -DNDEBUG -fPIC -DPIC conftest.c >&5
configure:9645: $? = 0
configure:9658: result: yes
configure:9686: checking if gcc static flag -static works
configure:9714: result: yes
configure:9724: checking if gcc supports -c -o file.o
configure:9745: gcc -c  -D_FILE_OFFSET_BITS=64 -D_LARGEFILE_SOURCE  -DNDEBUG -o out/conftest2.o conftest.c >&5
configure:9749: $? = 0
configure:9771: result: yes
configure:9797: checking whether the gcc linker (/usr/bin/ld -m elf_x86_64) supports shared libraries
configure:10777: result: yes
configure:10844: checking dynamic linker characteristics
configure:11459: result: GNU/Linux ld.so
configure:11483: checking how to hardcode library paths into programs
configure:11508: result: immediate
configure:11522: checking whether stripping libraries is possible
configure:11527: result: yes
configure:12329: checking if libtool supports shared libraries
configure:12331: result: yes
configure:12334: checking whether to build shared libraries
configure:12355: result: no
configure:12358: checking whether to build static libraries
configure:12362: result: yes
configure:12456: creating libtool
configure:13049: checking for ld used by g++
configure:13116: result: /usr/bin/ld -m elf_x86_64
configure:13125: checking if the linker (/usr/bin/ld -m elf_x86_64) is GNU ld
configure:13140: result: yes
configure:13191: checking whether the g++ linker (/usr/bin/ld -m elf_x86_64) supports shared libraries
configure:14137: result: yes
configure:14154: g++ -c   -DNDEBUG conftest.cpp >&5
configure:14157: $? = 0
configure:14313: checking for g++ option to produce PIC
configure:14597: result: -fPIC
configure:14605: checking if g++ PIC flag -fPIC works
configure:14623: g++ -c   -DNDEBUG -fPIC -DPIC conftest.cpp >&5
configure:14627: $? = 0
configure:14640: result: yes
configure:14668: checking if g++ static flag -static works
configure:14696: result: yes
configure:14706: checking if g++ supports -c -o file.o
configure:14727: g++ -c   -DNDEBUG -o out/conftest2.o conftest.cpp >&5
configure:14731: $? = 0
configure:14753: result: yes
configure:14779: checking whether the g++ linker (/usr/bin/ld -m elf_x86_64) supports shared libraries
configure:14805: result: yes
configure:14872: checking dynamic linker characteristics
configure:15435: result: GNU/Linux ld.so
configure:15459: checking how to hardcode library paths into programs
configure:15484: result: immediate
configure:16023: checking if libtool supports shared libraries
configure:16025: result: yes
configure:16028: checking whether to build shared libraries
configure:16048: result: no
configure:16051: checking whether to build static libraries
configure:16055: result: yes
configure:16065: checking for gfortran option to produce PIC
configure:16297: result: -fPIC
configure:16305: checking if gfortran PIC flag -fPIC works
configure:16323: gfortran -c -static -O3 -mtune=native -fPIC conftest.f >&5
configure:16327: $? = 0
configure:16340: result: yes
configure:16368: checking if gfortran static flag -static works
configure:16396: result: yes
configure:16406: checking if gfortran supports -c -o file.o
configure:16427: gfortran -c -static -O3 -mtune=native -o out/conftest2.o conftest.f >&5
configure:16431: $? = 0
configure:16453: result: yes
configure:16479: checking whether the gfortran linker (/usr/bin/ld -m elf_x86_64) supports shared libraries
configure:17439: result: yes
configure:17506: checking dynamic linker characteristics
configure:18069: result: GNU/Linux ld.so
configure:18093: checking how to hardcode library paths into programs
configure:18118: result: immediate
configure:21732: finding other utilities
configure:21748: checking for a BSD-compatible install
configure:21804: result: /usr/bin/install -c
configure:21817: trying to set fortran flags for this platform
configure:21871: trying to set flags for this platform
configure:21876: checking if _HPUX_SOURCE should be set
configure:21892: result: no
configure:21897: checking if Solaris -Xa option is needed
configure:21910: result: CFLAGS= -D_FILE_OFFSET_BITS=64 -D_LARGEFILE_SOURCE 
configure:21915: trying to set fortran 90 flags for this platform
configure:21918: checking if we need to add to FFLAGS for ifort compiler
configure:21926: result: FFLAGS=-static -O3 -mtune=native
configure:21936: checking if we need to set _LARGE_FILES despite results of previous tests
configure:21967: result: _LARGE_FILES=
configure:21977: checking for special C compiler options needed for large files
configure:22070: result: no
configure:22076: checking for _FILE_OFFSET_BITS value needed for large files
configure:22111: gcc -c  -D_FILE_OFFSET_BITS=64 -D_LARGEFILE_SOURCE  -DNDEBUG conftest.c >&5
configure:22117: $? = 0
configure:22185: result: no
configure:22321: displaying some results
configure:22327: checking CPPFLAGS
configure:22329: result: -DNDEBUG
configure:22331: checking CC CFLAGS
configure:22333: result: gcc  -D_FILE_OFFSET_BITS=64 -D_LARGEFILE_SOURCE 
configure:22336: checking type gcc
configure:22338: result: gcc is /usr/bin/gcc
configure:22341: checking CXX
configure:22344: result: g++
configure:22346: checking CXXFLAGS
configure:22348: result:  
configure:22351: checking type g++
configure:22353: result: g++ is /usr/bin/g++
configure:22360: checking FC
configure:22363: result: gfortran
configure:22365: checking FFLAGS
configure:22367: result: -static -O3 -mtune=native
configure:22370: checking type gfortran
configure:22372: result: gfortran is /usr/bin/gfortran
configure:22379: checking F90
configure:22382: result: gfortran
configure:22384: checking F90FLAGS
configure:22386: result: -static -O3 -mtune=native
configure:22389: checking type gfortran
configure:22391: result: gfortran is /usr/bin/gfortran
configure:22398: checking AR
configure:22401: result: ar
configure:22403: checking ARFLAGS
configure:22405: result: 
configure:22408: checking type ar
configure:22410: result: ar is /usr/bin/ar
configure:22417: checking NM
configure:22420: result: /usr/bin/nm -B
configure:22422: checking NMFLAGS
configure:22424: result: 
configure:22491: checking for /usr/bin/nm
configure:22518: result: /usr/bin/nm -B
configure:22531: checking nm flags
configure:22536: result: 
configure:22548: checking for C-equivalent to Fortran routine "SUB"
configure:22555: gfortran -c -static -O3 -mtune=native  conftest.f
configure:22558: $? = 0
configure:22570: result: sub_
configure:22592: checking for Fortran "byte"
configure:22600: gfortran -c -static -O3 -mtune=native  conftest.f
configure:22603: $? = 0
configure:22605: result: yes
configure:22623: checking for Fortran "integer*2"
configure:22631: gfortran -c -static -O3 -mtune=native  conftest.f
configure:22634: $? = 0
configure:22636: result: yes
configure:22663: checking if Fortran "byte" is C "signed char"
configure:22673: gcc -c -DNDEBUG  -D_FILE_OFFSET_BITS=64 -D_LARGEFILE_SOURCE   conftest.c
conftest.c: In function 'sub_':
conftest.c:4: warning: incompatible implicit declaration of built-in function 'exit'
configure:22676: $? = 0
configure:22679: gfortran -static -O3 -mtune=native  -c conftestf.f
configure:22682: $? = 0
configure:22685: gfortran -o conftest -static -O3 -mtune=native   conftestf.o conftest.o  
configure:22688: $? = 0
configure:22691: ./conftest
configure:22694: $? = 0
configure:22696: result: yes
configure:22736: checking if Fortran "byte" is C "short"
configure:22746: gcc -c -DNDEBUG  -D_FILE_OFFSET_BITS=64 -D_LARGEFILE_SOURCE   conftest.c
conftest.c: In function 'sub_':
conftest.c:4: warning: incompatible implicit declaration of built-in function 'exit'
configure:22749: $? = 0
configure:22752: gfortran -static -O3 -mtune=native  -c conftestf.f
configure:22755: $? = 0
configure:22758: gfortran -o conftest -static -O3 -mtune=native   conftestf.o conftest.o  
configure:22761: $? = 0
configure:22764: ./conftest
configure:22767: $? = 1
configure:22780: result: no
configure:22809: checking if Fortran "byte" is C "int"
configure:22819: gcc -c -DNDEBUG  -D_FILE_OFFSET_BITS=64 -D_LARGEFILE_SOURCE   conftest.c
conftest.c: In function 'sub_':
conftest.c:4: warning: incompatible implicit declaration of built-in function 'exit'
configure:22822: $? = 0
configure:22825: gfortran -static -O3 -mtune=native  -c conftestf.f
configure:22828: $? = 0
configure:22831: gfortran -o conftest -static -O3 -mtune=native   conftestf.o conftest.o  
configure:22834: $? = 0
configure:22837: ./conftest
configure:22840: $? = 1
configure:22853: result: no
configure:22882: checking if Fortran "byte" is C "long"
configure:22892: gcc -c -DNDEBUG  -D_FILE_OFFSET_BITS=64 -D_LARGEFILE_SOURCE   conftest.c
conftest.c: In function 'sub_':
conftest.c:4: warning: incompatible implicit declaration of built-in function 'exit'
configure:22895: $? = 0
configure:22898: gfortran -static -O3 -mtune=native  -c conftestf.f
configure:22901: $? = 0
configure:22904: gfortran -o conftest -static -O3 -mtune=native   conftestf.o conftest.o  
configure:22907: $? = 0
configure:22910: ./conftest
configure:22913: $? = 1
configure:22926: result: no
configure:22959: checking if Fortran "integer*2" is C "short"
configure:22969: gcc -c -DNDEBUG  -D_FILE_OFFSET_BITS=64 -D_LARGEFILE_SOURCE   conftest.c
conftest.c: In function 'sub_':
conftest.c:4: warning: incompatible implicit declaration of built-in function 'exit'
configure:22972: $? = 0
configure:22975: gfortran -static -O3 -mtune=native  -c conftestf.f
configure:22978: $? = 0
configure:22981: gfortran -o conftest -static -O3 -mtune=native   conftestf.o conftest.o  
configure:22984: $? = 0
configure:22987: ./conftest
configure:22990: $? = 0
configure:22992: result: yes
configure:23032: checking if Fortran "integer*2" is C "int"
configure:23042: gcc -c -DNDEBUG  -D_FILE_OFFSET_BITS=64 -D_LARGEFILE_SOURCE   conftest.c
conftest.c: In function 'sub_':
conftest.c:4: warning: incompatible implicit declaration of built-in function 'exit'
configure:23045: $? = 0
configure:23048: gfortran -static -O3 -mtune=native  -c conftestf.f
configure:23051: $? = 0
configure:23054: gfortran -o conftest -static -O3 -mtune=native   conftestf.o conftest.o  
configure:23057: $? = 0
configure:23060: ./conftest
configure:23063: $? = 1
configure:23076: result: no
configure:23105: checking if Fortran "integer*2" is C "long"
configure:23115: gcc -c -DNDEBUG  -D_FILE_OFFSET_BITS=64 -D_LARGEFILE_SOURCE   conftest.c
conftest.c: In function 'sub_':
conftest.c:4: warning: incompatible implicit declaration of built-in function 'exit'
configure:23118: $? = 0
configure:23121: gfortran -static -O3 -mtune=native  -c conftestf.f
configure:23124: $? = 0
configure:23127: gfortran -o conftest -static -O3 -mtune=native   conftestf.o conftest.o  
configure:23130: $? = 0
configure:23133: ./conftest
configure:23136: $? = 1
configure:23149: result: no
configure:23180: checking if Fortran "integer" is C "int"
configure:23190: gcc -c -DNDEBUG  -D_FILE_OFFSET_BITS=64 -D_LARGEFILE_SOURCE   conftest.c
conftest.c: In function 'sub_':
conftest.c:4: warning: incompatible implicit declaration of built-in function 'exit'
configure:23193: $? = 0
configure:23196: gfortran -static -O3 -mtune=native  -c conftestf.f
configure:23199: $? = 0
configure:23202: gfortran -o conftest -static -O3 -mtune=native   conftestf.o conftest.o  
configure:23205: $? = 0
configure:23208: ./conftest
configure:23211: $? = 0
configure:23213: result: yes
configure:23253: checking if Fortran "real" is C "float"
configure:23263: gcc -c -DNDEBUG  -D_FILE_OFFSET_BITS=64 -D_LARGEFILE_SOURCE   conftest.c
conftest.c: In function 'sub_':
conftest.c:4: warning: incompatible implicit declaration of built-in function 'exit'
configure:23266: $? = 0
configure:23269: gfortran -static -O3 -mtune=native  -c conftestf.f
configure:23272: $? = 0
configure:23275: gfortran -o conftest -static -O3 -mtune=native   conftestf.o conftest.o  
configure:23278: $? = 0
configure:23281: ./conftest
configure:23284: $? = 0
configure:23286: result: yes
configure:23326: checking if Fortran "doubleprecision" is C "double"
configure:23336: gcc -c -DNDEBUG  -D_FILE_OFFSET_BITS=64 -D_LARGEFILE_SOURCE   conftest.c
conftest.c: In function 'sub_':
conftest.c:4: warning: incompatible implicit declaration of built-in function 'exit'
configure:23339: $? = 0
configure:23342: gfortran -static -O3 -mtune=native  -c conftestf.f
configure:23345: $? = 0
configure:23348: gfortran -o conftest -static -O3 -mtune=native   conftestf.o conftest.o  
configure:23351: $? = 0
configure:23354: ./conftest
configure:23357: $? = 0
configure:23359: result: yes
configure:23393: checking for Fortran-equivalent to netCDF "byte"
configure:23401: gfortran -c -static -O3 -mtune=native  conftest.f
configure:23404: $? = 0
configure:23415: result: byte
configure:23421: checking for Fortran-equivalent to netCDF "short"
configure:23429: gfortran -c -static -O3 -mtune=native  conftest.f
configure:23432: $? = 0
configure:23443: result: integer*2
configure:23510: checking if Fortran 90 compiler capitalizes .mod filenames
configure:23517: gfortran -static -O3 -mtune=native conftest.f90 >&5
/usr/lib/gcc/x86_64-linux-gnu/4.4.5/libgfortranbegin.a(fmain.o): In function `main':
(.text+0x26): undefined reference to `MAIN__'
collect2: ld returned 1 exit status
configure:23520: $? = 1
configure:23527: result: no
configure:23550: checking types, headers, and functions
configure:23554: checking for stdlib.h
configure:23559: result: yes
configure:23695: checking for sys/types.h
configure:23700: result: yes
configure:23842: checking for strlcat
configure:23898: gcc -o conftest  -D_FILE_OFFSET_BITS=64 -D_LARGEFILE_SOURCE  -DNDEBUG -static conftest.c  >&5
/tmp/cc67y4mi.o: In function `main':
conftest.c:(.text+0xa): undefined reference to `strlcat'
collect2: ld returned 1 exit status
configure:23904: $? = 1
configure: failed program was:
| /* confdefs.h.  */
| #define PACKAGE_NAME "netCDF"
| #define PACKAGE_TARNAME "netcdf"
| #define PACKAGE_VERSION "3.6.2"
| #define PACKAGE_STRING "netCDF 3.6.2"
| #define PACKAGE_BUGREPORT "support@unidata.ucar.edu"
| #define PACKAGE "netcdf"
| #define VERSION "3.6.2"
| #define USE_EXTREME_NUMBERS 1
| #define TEMP_LARGE $TEMP_LARGE
| #define STDC_HEADERS 1
| #define HAVE_SYS_TYPES_H 1
| #define HAVE_SYS_STAT_H 1
| #define HAVE_STDLIB_H 1
| #define HAVE_STRING_H 1
| #define HAVE_MEMORY_H 1
| #define HAVE_STRINGS_H 1
| #define HAVE_INTTYPES_H 1
| #define HAVE_STDINT_H 1
| #define HAVE_UNISTD_H 1
| #define HAVE_DLFCN_H 1
| #define pgiFortran 1
| #define NF_INT1_T byte
| #define NF_INT2_T integer*2
| #define NF_INT1_IS_C_SIGNED_CHAR 1
| #define NF_INT2_IS_C_SHORT 1
| #define NF_INT_IS_C_INT 1
| #define NF_REAL_IS_C_FLOAT 1
| #define NF_DOUBLEPRECISION_IS_C_DOUBLE 1
| #define NCBYTE_T byte
| #define NCSHORT_T integer*2
| /* end confdefs.h.  */
| /* Define strlcat to an innocuous variant, in case <limits.h> declares strlcat.
|    For example, HP-UX 11i <limits.h> declares gettimeofday.  */
| #define strlcat innocuous_strlcat
| 
| /* System header to define __stub macros and hopefully few prototypes,
|     which can conflict with char strlcat (); below.
|     Prefer <limits.h> to <assert.h> if __STDC__ is defined, since
|     <limits.h> exists even on freestanding compilers.  */
| 
| #ifdef __STDC__
| # include <limits.h>
| #else
| # include <assert.h>
| #endif
| 
| #undef strlcat
| 
| /* Override any GCC internal prototype to avoid an error.
|    Use char because int might match the return type of a GCC
|    builtin and then its argument prototype would still apply.  */
| #ifdef __cplusplus
| extern "C"
| #endif
| char strlcat ();
| /* The GNU C library defines this for functions which it implements
|     to always fail with ENOSYS.  Some functions are actually named
|     something starting with __ and the normal name is an alias.  */
| #if defined __stub_strlcat || defined __stub___strlcat
| choke me
| #endif
| 
| int
| main ()
| {
| return strlcat ();
|   ;
|   return 0;
| }
configure:23922: result: no
configure:23842: checking for strerror
configure:23898: gcc -o conftest  -D_FILE_OFFSET_BITS=64 -D_LARGEFILE_SOURCE  -DNDEBUG -static conftest.c  >&5
configure:23904: $? = 0
configure:23922: result: yes
configure:23934: checking for working alloca.h
configure:23961: gcc -o conftest  -D_FILE_OFFSET_BITS=64 -D_LARGEFILE_SOURCE  -DNDEBUG -static conftest.c  >&5
configure:23967: $? = 0
configure:23984: result: yes
configure:23994: checking for alloca
configure:24041: gcc -o conftest  -D_FILE_OFFSET_BITS=64 -D_LARGEFILE_SOURCE  -DNDEBUG -static conftest.c  >&5
configure:24047: $? = 0
configure:24064: result: yes
configure:24293: checking for struct stat.st_blksize
configure:24321: gcc -c  -D_FILE_OFFSET_BITS=64 -D_LARGEFILE_SOURCE  -DNDEBUG conftest.c >&5
configure:24327: $? = 0
configure:24384: result: yes
configure:24401: checking for IEEE floating point format
configure:24449: gcc -o conftest  -D_FILE_OFFSET_BITS=64 -D_LARGEFILE_SOURCE  -DNDEBUG -static conftest.c  >&5
configure:24452: $? = 0
configure:24458: ./conftest
configure:24461: $? = 0
configure:24476: result: yes
configure:24486: checking for size_t
configure:24516: gcc -c  -D_FILE_OFFSET_BITS=64 -D_LARGEFILE_SOURCE  -DNDEBUG conftest.c >&5
configure:24522: $? = 0
configure:24537: result: yes
configure:24549: checking for off_t
configure:24579: gcc -c  -D_FILE_OFFSET_BITS=64 -D_LARGEFILE_SOURCE  -DNDEBUG conftest.c >&5
configure:24585: $? = 0
configure:24600: result: yes
configure:24612: checking for ssize_t
configure:24642: gcc -c  -D_FILE_OFFSET_BITS=64 -D_LARGEFILE_SOURCE  -DNDEBUG conftest.c >&5
configure:24648: $? = 0
configure:24663: result: yes
configure:24673: checking for ptrdiff_t
configure:24703: gcc -c  -D_FILE_OFFSET_BITS=64 -D_LARGEFILE_SOURCE  -DNDEBUG conftest.c >&5
configure:24709: $? = 0
configure:24724: result: yes
configure:24734: checking for uchar
configure:24764: gcc -c  -D_FILE_OFFSET_BITS=64 -D_LARGEFILE_SOURCE  -DNDEBUG conftest.c >&5
conftest.c:73: error: expected '=', ',', ';', 'asm' or '__attribute__' before 'ac__type_new_'
conftest.c: In function 'main':
conftest.c:77: error: 'ac__type_new_' undeclared (first use in this function)
conftest.c:77: error: (Each undeclared identifier is reported only once
conftest.c:77: error: for each function it appears in.)
conftest.c:77: error: expected expression before ')' token
configure:24770: $? = 1
configure: failed program was:
| /* confdefs.h.  */
| #define PACKAGE_NAME "netCDF"
| #define PACKAGE_TARNAME "netcdf"
| #define PACKAGE_VERSION "3.6.2"
| #define PACKAGE_STRING "netCDF 3.6.2"
| #define PACKAGE_BUGREPORT "support@unidata.ucar.edu"
| #define PACKAGE "netcdf"
| #define VERSION "3.6.2"
| #define USE_EXTREME_NUMBERS 1
| #define TEMP_LARGE $TEMP_LARGE
| #define STDC_HEADERS 1
| #define HAVE_SYS_TYPES_H 1
| #define HAVE_SYS_STAT_H 1
| #define HAVE_STDLIB_H 1
| #define HAVE_STRING_H 1
| #define HAVE_MEMORY_H 1
| #define HAVE_STRINGS_H 1
| #define HAVE_INTTYPES_H 1
| #define HAVE_STDINT_H 1
| #define HAVE_UNISTD_H 1
| #define HAVE_DLFCN_H 1
| #define pgiFortran 1
| #define NF_INT1_T byte
| #define NF_INT2_T integer*2
| #define NF_INT1_IS_C_SIGNED_CHAR 1
| #define NF_INT2_IS_C_SHORT 1
| #define NF_INT_IS_C_INT 1
| #define NF_REAL_IS_C_FLOAT 1
| #define NF_DOUBLEPRECISION_IS_C_DOUBLE 1
| #define NCBYTE_T byte
| #define NCSHORT_T integer*2
| #define HAVE_STRERROR 1
| #define HAVE_ALLOCA_H 1
| #define HAVE_ALLOCA 1
| #define HAVE_STRUCT_STAT_ST_BLKSIZE 1
| #define HAVE_ST_BLKSIZE 1
| #define HAVE_SSIZE_T 1
| #define HAVE_PTRDIFF_T 1
| /* end confdefs.h.  */
| #include <stdio.h>
| #ifdef HAVE_SYS_TYPES_H
| # include <sys/types.h>
| #endif
| #ifdef HAVE_SYS_STAT_H
| # include <sys/stat.h>
| #endif
| #ifdef STDC_HEADERS
| # include <stdlib.h>
| # include <stddef.h>
| #else
| # ifdef HAVE_STDLIB_H
| #  include <stdlib.h>
| # endif
| #endif
| #ifdef HAVE_STRING_H
| # if !defined STDC_HEADERS && defined HAVE_MEMORY_H
| #  include <memory.h>
| # endif
| # include <string.h>
| #endif
| #ifdef HAVE_STRINGS_H
| # include <strings.h>
| #endif
| #ifdef HAVE_INTTYPES_H
| # include <inttypes.h>
| #endif
| #ifdef HAVE_STDINT_H
| # include <stdint.h>
| #endif
| #ifdef HAVE_UNISTD_H
| # include <unistd.h>
| #endif
| typedef uchar ac__type_new_;
| int
| main ()
| {
| if ((ac__type_new_ *) 0)
|   return 0;
| if (sizeof (ac__type_new_))
|   return 0;
|   ;
|   return 0;
| }
configure:24785: result: no
configure:24800: checking whether char is unsigned
configure:24828: gcc -c  -D_FILE_OFFSET_BITS=64 -D_LARGEFILE_SOURCE  -DNDEBUG conftest.c >&5
configure:24834: $? = 0
configure:24849: result: no
configure:24858: checking whether byte ordering is bigendian
configure:24891: gcc -c  -D_FILE_OFFSET_BITS=64 -D_LARGEFILE_SOURCE  -DNDEBUG conftest.c >&5
configure:24897: $? = 0
configure:24929: gcc -c  -D_FILE_OFFSET_BITS=64 -D_LARGEFILE_SOURCE  -DNDEBUG conftest.c >&5
conftest.c: In function 'main':
conftest.c:47: error: 'not' undeclared (first use in this function)
conftest.c:47: error: (Each undeclared identifier is reported only once
conftest.c:47: error: for each function it appears in.)
conftest.c:47: error: expected ';' before 'big'
configure:24935: $? = 1
configure: failed program was:
| /* confdefs.h.  */
| #define PACKAGE_NAME "netCDF"
| #define PACKAGE_TARNAME "netcdf"
| #define PACKAGE_VERSION "3.6.2"
| #define PACKAGE_STRING "netCDF 3.6.2"
| #define PACKAGE_BUGREPORT "support@unidata.ucar.edu"
| #define PACKAGE "netcdf"
| #define VERSION "3.6.2"
| #define USE_EXTREME_NUMBERS 1
| #define TEMP_LARGE $TEMP_LARGE
| #define STDC_HEADERS 1
| #define HAVE_SYS_TYPES_H 1
| #define HAVE_SYS_STAT_H 1
| #define HAVE_STDLIB_H 1
| #define HAVE_STRING_H 1
| #define HAVE_MEMORY_H 1
| #define HAVE_STRINGS_H 1
| #define HAVE_INTTYPES_H 1
| #define HAVE_STDINT_H 1
| #define HAVE_UNISTD_H 1
| #define HAVE_DLFCN_H 1
| #define pgiFortran 1
| #define NF_INT1_T byte
| #define NF_INT2_T integer*2
| #define NF_INT1_IS_C_SIGNED_CHAR 1
| #define NF_INT2_IS_C_SHORT 1
| #define NF_INT_IS_C_INT 1
| #define NF_REAL_IS_C_FLOAT 1
| #define NF_DOUBLEPRECISION_IS_C_DOUBLE 1
| #define NCBYTE_T byte
| #define NCSHORT_T integer*2
| #define HAVE_STRERROR 1
| #define HAVE_ALLOCA_H 1
| #define HAVE_ALLOCA 1
| #define HAVE_STRUCT_STAT_ST_BLKSIZE 1
| #define HAVE_ST_BLKSIZE 1
| #define HAVE_SSIZE_T 1
| #define HAVE_PTRDIFF_T 1
| /* end confdefs.h.  */
| #include <sys/types.h>
| #include <sys/param.h>
| 
| int
| main ()
| {
| #if BYTE_ORDER != BIG_ENDIAN
|  not big endian
| #endif
| 
|   ;
|   return 0;
| }
configure:25075: result: no
configure:25094: checking for short
configure:25124: gcc -c  -D_FILE_OFFSET_BITS=64 -D_LARGEFILE_SOURCE  -DNDEBUG conftest.c >&5
configure:25130: $? = 0
configure:25145: result: yes
configure:25152: checking size of short
configure:25454: gcc -o conftest  -D_FILE_OFFSET_BITS=64 -D_LARGEFILE_SOURCE  -DNDEBUG -static conftest.c  >&5
configure:25457: $? = 0
configure:25463: ./conftest
configure:25466: $? = 0
configure:25489: result: 2
configure:25499: checking for int
configure:25529: gcc -c  -D_FILE_OFFSET_BITS=64 -D_LARGEFILE_SOURCE  -DNDEBUG conftest.c >&5
configure:25535: $? = 0
configure:25550: result: yes
configure:25557: checking size of int
configure:25859: gcc -o conftest  -D_FILE_OFFSET_BITS=64 -D_LARGEFILE_SOURCE  -DNDEBUG -static conftest.c  >&5
configure:25862: $? = 0
configure:25868: ./conftest
configure:25871: $? = 0
configure:25894: result: 4
configure:25904: checking for long
configure:25934: gcc -c  -D_FILE_OFFSET_BITS=64 -D_LARGEFILE_SOURCE  -DNDEBUG conftest.c >&5
configure:25940: $? = 0
configure:25955: result: yes
configure:25962: checking size of long
configure:26264: gcc -o conftest  -D_FILE_OFFSET_BITS=64 -D_LARGEFILE_SOURCE  -DNDEBUG -static conftest.c  >&5
configure:26267: $? = 0
configure:26273: ./conftest
configure:26276: $? = 0
configure:26299: result: 8
configure:26309: checking for float
configure:26339: gcc -c  -D_FILE_OFFSET_BITS=64 -D_LARGEFILE_SOURCE  -DNDEBUG conftest.c >&5
configure:26345: $? = 0
configure:26360: result: yes
configure:26367: checking size of float
configure:26669: gcc -o conftest  -D_FILE_OFFSET_BITS=64 -D_LARGEFILE_SOURCE  -DNDEBUG -static conftest.c  >&5
configure:26672: $? = 0
configure:26678: ./conftest
configure:26681: $? = 0
configure:26704: result: 4
configure:26714: checking for double
configure:26744: gcc -c  -D_FILE_OFFSET_BITS=64 -D_LARGEFILE_SOURCE  -DNDEBUG conftest.c >&5
configure:26750: $? = 0
configure:26765: result: yes
configure:26772: checking size of double
configure:27074: gcc -o conftest  -D_FILE_OFFSET_BITS=64 -D_LARGEFILE_SOURCE  -DNDEBUG -static conftest.c  >&5
configure:27077: $? = 0
configure:27083: ./conftest
configure:27086: $? = 0
configure:27109: result: 8
configure:27119: checking for off_t
configure:27170: result: yes
configure:27177: checking size of off_t
configure:27479: gcc -o conftest  -D_FILE_OFFSET_BITS=64 -D_LARGEFILE_SOURCE  -DNDEBUG -static conftest.c  >&5
configure:27482: $? = 0
configure:27488: ./conftest
configure:27491: $? = 0
configure:27514: result: 8
configure:27524: checking for size_t
configure:27575: result: yes
configure:27582: checking size of size_t
configure:27884: gcc -o conftest  -D_FILE_OFFSET_BITS=64 -D_LARGEFILE_SOURCE  -DNDEBUG -static conftest.c  >&5
configure:27887: $? = 0
configure:27893: ./conftest
configure:27896: $? = 0
configure:27919: result: 8
configure:28018: checking for manual-page index command
configure:28020: result: 
configure:28023: checking binary distribution directory
configure:28031: result: /home/ftp/pub/binary/dummy_system
configure:28054: generating header files and makefiles
configure:28335: creating ./config.status

## ---------------------- ##
## Running config.status. ##
## ---------------------- ##

This file was extended by netCDF config.status 3.6.2, which was
generated by GNU Autoconf 2.61.  Invocation command line was

  CONFIG_FILES    = 
  CONFIG_HEADERS  = 
  CONFIG_LINKS    = 
  CONFIG_COMMANDS = 
  $ ./config.status 

on ctb3

config.status:740: creating Makefile
config.status:740: creating man/Makefile
config.status:740: creating fortran/Makefile
config.status:740: creating libsrc/Makefile
config.status:740: creating nctest/Makefile
config.status:740: creating nc_test/Makefile
config.status:740: creating ncdump/Makefile
config.status:740: creating ncgen/Makefile
config.status:740: creating nf_test/Makefile
config.status:740: creating cxx/Makefile
config.status:740: creating f90/Makefile
config.status:740: creating examples/Makefile
config.status:740: creating examples/C/Makefile
config.status:740: creating examples/CDL/Makefile
config.status:740: creating examples/CXX/Makefile
config.status:740: creating examples/F90/Makefile
config.status:740: creating examples/F77/Makefile
config.status:740: creating config.h
config.status:987: config.h is unchanged
config.status:740: creating fortran/nfconfig1.inc
config.status:987: fortran/nfconfig1.inc is unchanged
config.status:1033: executing depfiles commands

## ---------------- ##
## Cache variables. ##
## ---------------- ##

ac_cv_build=x86_64-unknown-linux-gnu
ac_cv_c_bigendian=no
ac_cv_c_char_unsigned=no
ac_cv_c_compiler_gnu=yes
ac_cv_c_const=yes
ac_cv_c_ieeefloat=yes
ac_cv_cxx_compiler_gnu=yes
ac_cv_env_CCC_set=
ac_cv_env_CCC_value=
ac_cv_env_CC_set=set
ac_cv_env_CC_value=gcc
ac_cv_env_CFLAGS_set=set
ac_cv_env_CFLAGS_value=' -D_FILE_OFFSET_BITS=64 -D_LARGEFILE_SOURCE '
ac_cv_env_CPPFLAGS_set=set
ac_cv_env_CPPFLAGS_value=-DNDEBUG
ac_cv_env_CPP_set=
ac_cv_env_CPP_value=
ac_cv_env_CXXCPP_set=
ac_cv_env_CXXCPP_value=
ac_cv_env_CXXFLAGS_set=set
ac_cv_env_CXXFLAGS_value=' '
ac_cv_env_CXX_set=set
ac_cv_env_CXX_value=g++
ac_cv_env_F77_set=
ac_cv_env_F77_value=
ac_cv_env_FCFLAGS_set=set
ac_cv_env_FCFLAGS_value='-static -O3 -mtune=native'
ac_cv_env_FC_set=set
ac_cv_env_FC_value=gfortran
ac_cv_env_FFLAGS_set=set
ac_cv_env_FFLAGS_value='-static -O3 -mtune=native'
ac_cv_env_LDFLAGS_set=set
ac_cv_env_LDFLAGS_value=-static
ac_cv_env_LIBS_set=
ac_cv_env_LIBS_value=
ac_cv_env_build_alias_set=
ac_cv_env_build_alias_value=
ac_cv_env_host_alias_set=
ac_cv_env_host_alias_value=
ac_cv_env_target_alias_set=
ac_cv_env_target_alias_value=
ac_cv_f77_compiler_gnu=yes
ac_cv_fc_compiler_gnu=yes
ac_cv_fc_srcext_f90=none
ac_cv_func_alloca_works=yes
ac_cv_func_strerror=yes
ac_cv_func_strlcat=no
ac_cv_header_dlfcn_h=yes
ac_cv_header_inttypes_h=yes
ac_cv_header_memory_h=yes
ac_cv_header_stdc=yes
ac_cv_header_stdint_h=yes
ac_cv_header_stdlib_h=yes
ac_cv_header_string_h=yes
ac_cv_header_strings_h=yes
ac_cv_header_sys_stat_h=yes
ac_cv_header_sys_types_h=yes
ac_cv_header_unistd_h=yes
ac_cv_host=x86_64-unknown-linux-gnu
ac_cv_member_struct_stat_st_blksize=yes
ac_cv_objext=o
ac_cv_path_EGREP='/bin/grep -E'
ac_cv_path_GREP=/bin/grep
ac_cv_path_install='/usr/bin/install -c'
ac_cv_prog_AWK=mawk
ac_cv_prog_CPP='gcc -E'
ac_cv_prog_CXXCPP='g++ -E'
ac_cv_prog_NM='/usr/bin/nm -B'
ac_cv_prog_ac_ct_AR=ar
ac_cv_prog_ac_ct_RANLIB=ranlib
ac_cv_prog_ac_ct_STRIP=strip
ac_cv_prog_cc_c89=
ac_cv_prog_cc_g=yes
ac_cv_prog_cc_gcc_c_o=yes
ac_cv_prog_cxx_g=yes
ac_cv_prog_f77_g=yes
ac_cv_prog_f90_uppercase_mod=no
ac_cv_prog_fc_g=yes
ac_cv_prog_make_make_set=yes
ac_cv_sizeof_double=8
ac_cv_sizeof_float=4
ac_cv_sizeof_int=4
ac_cv_sizeof_long=8
ac_cv_sizeof_off_t=8
ac_cv_sizeof_short=2
ac_cv_sizeof_size_t=8
ac_cv_sys_file_offset_bits=no
ac_cv_sys_largefile_CC=no
ac_cv_type_double=yes
ac_cv_type_float=yes
ac_cv_type_int=yes
ac_cv_type_long=yes
ac_cv_type_off_t=yes
ac_cv_type_ptrdiff_t=yes
ac_cv_type_short=yes
ac_cv_type_size_t=yes
ac_cv_type_ssize_t=yes
ac_cv_type_uchar=no
ac_cv_working_alloca_h=yes
am_cv_CC_dependencies_compiler_type=gcc3
am_cv_CXX_dependencies_compiler_type=gcc3
lt_cv_deplibs_check_method=pass_all
lt_cv_file_magic_cmd='$MAGIC_CMD'
lt_cv_file_magic_test_file=
lt_cv_ld_reload_flag=-r
lt_cv_objdir=.libs
lt_cv_path_LD=/usr/bin/ld
lt_cv_path_LDCXX='/usr/bin/ld -m elf_x86_64'
lt_cv_path_NM='/usr/bin/nm -B'
lt_cv_path_SED=/bin/sed
lt_cv_prog_compiler_c_o=yes
lt_cv_prog_compiler_c_o_CXX=yes
lt_cv_prog_compiler_c_o_F77=yes
lt_cv_prog_compiler_pic_works=yes
lt_cv_prog_compiler_pic_works_CXX=yes
lt_cv_prog_compiler_pic_works_F77=yes
lt_cv_prog_compiler_rtti_exceptions=no
lt_cv_prog_compiler_static_works=yes
lt_cv_prog_compiler_static_works_CXX=yes
lt_cv_prog_compiler_static_works_F77=yes
lt_cv_prog_gnu_ld=yes
lt_cv_prog_gnu_ldcxx=yes
lt_cv_sys_global_symbol_pipe='sed -n -e '\''s/^.*[ 	]\([ABCDGIRSTW][ABCDGIRSTW]*\)[ 	][ 	]*\([_A-Za-z][_A-Za-z0-9]*\)$/\1 \2 \2/p'\'''
lt_cv_sys_global_symbol_to_c_name_address='sed -n -e '\''s/^: \([^ ]*\) $/  {\"\1\", (lt_ptr) 0},/p'\'' -e '\''s/^[BCDEGRST] \([^ ]*\) \([^ ]*\)$/  {"\2", (lt_ptr) \&\2},/p'\'''
lt_cv_sys_global_symbol_to_cdecl='sed -n -e '\''s/^. .* \(.*\)$/extern int \1;/p'\'''
lt_cv_sys_lib_dlsearch_path_spec='/lib /usr/lib /usr/local/lib /lib/x86_64-linux-gnu /usr/lib/x86_64-linux-gnu '
lt_cv_sys_lib_search_path_spec='/usr/lib/gcc/x86_64-linux-gnu/4.4.5 /usr/lib /lib'
lt_cv_sys_max_cmd_len=1572864
lt_lt_cv_prog_compiler_c_o='"yes"'
lt_lt_cv_prog_compiler_c_o_CXX='"yes"'
lt_lt_cv_prog_compiler_c_o_F77='"yes"'
lt_lt_cv_sys_global_symbol_pipe='"sed -n -e '\''s/^.*[ 	]\\([ABCDGIRSTW][ABCDGIRSTW]*\\)[ 	][ 	]*\\([_A-Za-z][_A-Za-z0-9]*\\)\$/\\1 \\2 \\2/p'\''"'
lt_lt_cv_sys_global_symbol_to_c_name_address='"sed -n -e '\''s/^: \\([^ ]*\\) \$/  {\\\"\\1\\\", (lt_ptr) 0},/p'\'' -e '\''s/^[BCDEGRST] \\([^ ]*\\) \\([^ ]*\\)\$/  {\"\\2\", (lt_ptr) \\&\\2},/p'\''"'
lt_lt_cv_sys_global_symbol_to_cdecl='"sed -n -e '\''s/^. .* \\(.*\\)\$/extern int \\1;/p'\''"'

## ----------------- ##
## Output variables. ##
## ----------------- ##

ACLOCAL='${SHELL} /home/tim/amber12/AmberTools/src/netcdf/src/missing --run aclocal-1.9'
ALLOCA=''
AMDEPBACKSLASH='\'
AMDEP_FALSE='#'
AMDEP_TRUE=''
AMTAR='${SHELL} /home/tim/amber12/AmberTools/src/netcdf/src/missing --run tar'
AR='ar'
AS='as'
AUTOCONF='${SHELL} /home/tim/amber12/AmberTools/src/netcdf/src/missing --run autoconf'
AUTOHEADER='${SHELL} /home/tim/amber12/AmberTools/src/netcdf/src/missing --run autoheader'
AUTOMAKE='${SHELL} /home/tim/amber12/AmberTools/src/netcdf/src/missing --run automake-1.9'
AWK='mawk'
BUILD_CXX_FALSE=''
BUILD_CXX_TRUE='#'
BUILD_C_FALSE='#'
BUILD_C_TRUE=''
BUILD_DLL_FALSE=''
BUILD_DLL_TRUE='#'
BUILD_EXAMPLES_FALSE='#'
BUILD_EXAMPLES_TRUE=''
BUILD_F77_FALSE='#'
BUILD_F77_TRUE=''
BUILD_F90_FALSE='#'
BUILD_F90_TRUE=''
BUILD_SEPARATE_FORTRAN_FALSE=''
BUILD_SEPARATE_FORTRAN_TRUE='#'
BUILD_SHARED_FALSE=''
BUILD_SHARED_TRUE='#'
BUILD_UTILITIES_FALSE='#'
BUILD_UTILITIES_TRUE=''
BUILD_V2_FALSE='#'
BUILD_V2_TRUE=''
CC='gcc'
CCDEPMODE='depmode=gcc3'
CFLAGS=' -D_FILE_OFFSET_BITS=64 -D_LARGEFILE_SOURCE '
CPP='gcc -E'
CPPFLAGS='-DNDEBUG'
CXX='g++'
CXXCPP='g++ -E'
CXXDEPMODE='depmode=gcc3'
CXXFLAGS=' '
CYGPATH_W='echo'
DEFS='-DHAVE_CONFIG_H'
DEPDIR='.deps'
DLLTOOL='dlltool'
DSYMUTIL=''
ECHO='echo'
ECHO_C=''
ECHO_N='-n'
ECHO_T=''
EGREP='/bin/grep -E'
EXEEXT=''
F77='gfortran'
FC='gfortran'
FCFLAGS='-static -O3 -mtune=native'
FCFLAGS_f90=''
FFLAGS='-static -O3 -mtune=native'
FTPBINDIR='/home/ftp/pub/binary/dummy_system'
GREP='/bin/grep'
INSTALL_DATA='${INSTALL} -m 644'
INSTALL_DOCS_FALSE=''
INSTALL_DOCS_TRUE='#'
INSTALL_PROGRAM='${INSTALL}'
INSTALL_SCRIPT='${INSTALL}'
INSTALL_STRIP_PROGRAM='${SHELL} $(install_sh) -c -s'
LARGE_FILE_TESTS_FALSE=''
LARGE_FILE_TESTS_TRUE='#'
LDFLAGS='-static'
LIBOBJS=''
LIBS=''
LIBTOOL='$(SHELL) $(top_builddir)/libtool'
LN_S='ln -s'
LTLIBOBJS=''
MAINT='#'
MAINTAINER_MODE_FALSE=''
MAINTAINER_MODE_TRUE='#'
MAKEINFO='${SHELL} /home/tim/amber12/AmberTools/src/netcdf/src/missing --run makeinfo'
MAKEWHATIS_CMD=''
MOD_FLAG='-I'
NETCDF_C_LIB=''
NM='/usr/bin/nm -B'
NMEDIT=''
NMFLAGS=''
OBJDUMP='objdump'
OBJEXT='o'
PACKAGE='netcdf'
PACKAGE_BUGREPORT='support@unidata.ucar.edu'
PACKAGE_NAME='netCDF'
PACKAGE_STRING='netCDF 3.6.2'
PACKAGE_TARNAME='netcdf'
PACKAGE_VERSION='3.6.2'
PATH_SEPARATOR=':'
RANLIB='ranlib'
SED='/bin/sed'
SET_MAKE=''
SHAREEXT_DYLIB_FALSE=''
SHAREEXT_DYLIB_TRUE='#'
SHAREEXT_SL_FALSE=''
SHAREEXT_SL_TRUE='#'
SHELL='/bin/bash'
STRIP='strip'
TEST_F77_FALSE='#'
TEST_F77_TRUE=''
TEST_PARALLEL_FALSE=''
TEST_PARALLEL_TRUE='#'
UPPER_CASE_MOD_FALSE=''
UPPER_CASE_MOD_TRUE='#'
USE_FFIO_FALSE=''
USE_FFIO_TRUE='#'
USE_HDF5_DIR_FALSE=''
USE_HDF5_DIR_TRUE='#'
USE_NETCDF4_FALSE=''
USE_NETCDF4_TRUE='#'
USE_NETCDF_C_LIB_DIR_FALSE=''
USE_NETCDF_C_LIB_DIR_TRUE='#'
VERSION='3.6.2'
WHATIS='whatis'
ac_ct_CC=''
ac_ct_CXX=''
ac_ct_F77=''
ac_ct_FC=''
am__fastdepCC_FALSE='#'
am__fastdepCC_TRUE=''
am__fastdepCXX_FALSE='#'
am__fastdepCXX_TRUE=''
am__include='include'
am__leading_dot='.'
am__quote=''
am__tar='${AMTAR} chof - "$$tardir"'
am__untar='${AMTAR} xf -'
bindir='${exec_prefix}/bin'
build='x86_64-unknown-linux-gnu'
build_alias=''
build_cpu='x86_64'
build_os='linux-gnu'
build_vendor='unknown'
datadir='${datarootdir}'
datarootdir='${prefix}/share'
docdir='${datarootdir}/doc/${PACKAGE_TARNAME}'
dvidir='${docdir}'
exec_prefix='${prefix}'
host='x86_64-unknown-linux-gnu'
host_alias=''
host_cpu='x86_64'
host_os='linux-gnu'
host_vendor='unknown'
htmldir='${docdir}'
includedir='${prefix}/include'
infodir='${datarootdir}/info'
install_sh='/home/tim/amber12/AmberTools/src/netcdf/src/install-sh'
libdir='${exec_prefix}/lib'
libexecdir='${exec_prefix}/libexec'
localedir='${datarootdir}/locale'
localstatedir='${prefix}/var'
mandir='${datarootdir}/man'
mkdir_p='mkdir -p --'
oldincludedir='/usr/include'
pdfdir='${docdir}'
prefix='/home/tim/amber12/AmberTools'
prog=''
program_transform_name='s,x,x,'
psdir='${docdir}'
sbindir='${exec_prefix}/sbin'
sharedstatedir='${prefix}/com'
sysconfdir='${prefix}/etc'
target_alias=''

## ----------- ##
## confdefs.h. ##
## ----------- ##

#define PACKAGE_NAME "netCDF"
#define PACKAGE_TARNAME "netcdf"
#define PACKAGE_VERSION "3.6.2"
#define PACKAGE_STRING "netCDF 3.6.2"
#define PACKAGE_BUGREPORT "support@unidata.ucar.edu"
#define PACKAGE "netcdf"
#define VERSION "3.6.2"
#define USE_EXTREME_NUMBERS 1
#define TEMP_LARGE $TEMP_LARGE
#define STDC_HEADERS 1
#define HAVE_SYS_TYPES_H 1
#define HAVE_SYS_STAT_H 1
#define HAVE_STDLIB_H 1
#define HAVE_STRING_H 1
#define HAVE_MEMORY_H 1
#define HAVE_STRINGS_H 1
#define HAVE_INTTYPES_H 1
#define HAVE_STDINT_H 1
#define HAVE_UNISTD_H 1
#define HAVE_DLFCN_H 1
#define pgiFortran 1
#define NF_INT1_T byte
#define NF_INT2_T integer*2
#define NF_INT1_IS_C_SIGNED_CHAR 1
#define NF_INT2_IS_C_SHORT 1
#define NF_INT_IS_C_INT 1
#define NF_REAL_IS_C_FLOAT 1
#define NF_DOUBLEPRECISION_IS_C_DOUBLE 1
#define NCBYTE_T byte
#define NCSHORT_T integer*2
#define HAVE_STRERROR 1
#define HAVE_ALLOCA_H 1
#define HAVE_ALLOCA 1
#define HAVE_STRUCT_STAT_ST_BLKSIZE 1
#define HAVE_ST_BLKSIZE 1
#define HAVE_SSIZE_T 1
#define HAVE_PTRDIFF_T 1
#define SIZEOF_SHORT 2
#define SIZEOF_INT 4
#define SIZEOF_LONG 8
#define SIZEOF_FLOAT 4
#define SIZEOF_DOUBLE 8
#define SIZEOF_OFF_T 8
#define SIZEOF_SIZE_T 8

configure: exit 0

## ---------------------- ##
## Running config.status. ##
## ---------------------- ##

This file was extended by netCDF config.status 3.6.2, which was
generated by GNU Autoconf 2.61.  Invocation command line was

  CONFIG_FILES    = 
  CONFIG_HEADERS  = 
  CONFIG_LINKS    = 
  CONFIG_COMMANDS = 
  $ ./config.status fortran/nfconfig1.inc

on ctb3

config.status:740: creating fortran/nfconfig1.inc
